PRT1
375
962
4 0 3 (1696 -384 80 ) (1696 -384 176 ) (1696 -320 176 ) (1696 -320 80 ) 
4 0 1 (1808 -384 80 ) (1872 -384 80 ) (1872 -384 176 ) (1808 -384 176 ) 
4 1 10 (1872 -640 80 ) (1872 -640 112 ) (1808 -640 112 ) (1808 -640 80 ) 
4 1 2 (1872 -448 80 ) (1872 -640 80 ) (1808 -640 80 ) (1808 -448 80 ) 
4 2 10 (1872 -640 16 ) (1872 -640 80 ) (1808 -640 80 ) (1808 -640 16 ) 
4 3 5 (1520 -384 176 ) (1520 -320 176 ) (1520 -320 80 ) (1520 -384 80 ) 
4 3 4 (1520 -208 72 ) (1696 -208 72 ) (1696 -496 72 ) (1520 -496 72 ) 
4 5 15 (1488 -384 176 ) (1488 -320 176 ) (1488 -320 80 ) (1488 -384 80 ) 
4 6 9 (2160 -768 0 ) (2160 -960 0 ) (2160 -960 160 ) (2160 -768 160 ) 
4 7 8 (2016 -640 256 ) (2016 -640 0 ) (2016 -688 0 ) (2016 -688 256 ) 
4 7 9 (2016 -768 0 ) (2160 -768 0 ) (2160 -768 256 ) (2016 -768 256 ) 
4 8 10 (1936 -640 256 ) (1936 -640 0 ) (1936 -688 0 ) (1936 -688 256 ) 
4 9 12 (2016 -960 0 ) (2160 -960 0 ) (2160 -960 256 ) (2016 -960 256 ) 
4 9 10 (1936 -768 0 ) (1936 -960 0 ) (1936 -960 256 ) (1936 -768 256 ) 
4 10 14 (1520 -960 256 ) (1520 -960 0 ) (1936 -960 0 ) (1936 -960 256 ) 
4 10 11 (1520 -768 0 ) (1520 -960 0 ) (1520 -960 144 ) (1520 -768 144 ) 
4 12 29 (2160 -1056 256 ) (2016 -1056 256 ) (2016 -1056 0 ) (2160 -1056 0 ) 
4 12 13 (2016 -1040 0 ) (2016 -1056 0 ) (2016 -1056 256 ) (2016 -1040 256 ) 
4 13 31 (2016 -1056 0 ) (2016 -1056 256 ) (1936 -1056 256 ) (1936 -1056 0 ) 
4 13 14 (1936 -1056 0 ) (1936 -1056 256 ) (1936 -1040 256 ) (1936 -1040 0 ) 
4 14 62 (1520 -1056 256 ) (1520 -1056 0 ) (1616 -1056 0 ) (1616 -1056 256 ) 
4 14 31 (1616 -1056 0 ) (1936 -1056 0 ) (1936 -1056 256 ) (1616 -1056 256 ) 
4 15 21 (1072 -320 176 ) (1072 -320 80 ) (1072 -384 80 ) (1072 -384 176 ) 
4 15 16 (1344 -384 80 ) (1408 -384 80 ) (1408 -384 176 ) (1344 -384 176 ) 
4 16 19 (1408 -640 80 ) (1408 -640 112 ) (1344 -640 112 ) (1344 -640 80 ) 
4 16 17 (1408 -448 80 ) (1408 -640 80 ) (1344 -640 80 ) (1344 -448 80 ) 
4 17 19 (1408 -640 16 ) (1408 -640 80 ) (1344 -640 80 ) (1344 -640 16 ) 
4 18 19 (1472 -768 0 ) (1472 -960 0 ) (1472 -960 144 ) (1472 -768 144 ) 
4 19 63 (1120 -1056 192 ) (1120 -1056 0 ) (1472 -1056 0 ) (1472 -1056 192 ) 
4 19 20 (1120 -768 0 ) (1120 -960 0 ) (1120 -960 144 ) (1120 -768 144 ) 
4 20 26 (1072 -768 144 ) (1072 -768 0 ) (1072 -960 0 ) (1072 -960 144 ) 
4 21 22 (1072 -496 72 ) (896 -496 72 ) (896 -208 72 ) (1072 -208 72 ) 
4 23 95 (800 -672 208 ) (800 -528 208 ) (800 -528 0 ) (800 -672 0 ) 
4 23 25 (800 -672 208 ) (800 -672 0 ) (832 -672 0 ) (832 -672 208 ) 
4 23 24 (912 -672 0 ) (1072 -672 0 ) (1072 -672 208 ) (912 -672 208 ) 
4 24 26 (912 -752 0 ) (1072 -752 0 ) (1072 -752 208 ) (912 -752 208 ) 
4 25 96 (800 -752 208 ) (800 -672 208 ) (800 -672 0 ) (800 -752 0 ) 
4 25 26 (800 -752 208 ) (800 -752 0 ) (832 -752 0 ) (832 -752 208 ) 
4 26 131 (800 -976 208 ) (800 -960 208 ) (800 -960 0 ) (800 -976 0 ) 
4 26 130 (800 -912 144 ) (800 -912 0 ) (800 -960 0 ) (800 -960 144 ) 
4 26 129 (800 -960 208 ) (800 -912 208 ) (800 -912 144 ) (800 -960 144 ) 
4 26 98 (800 -912 208 ) (800 -752 208 ) (800 -752 0 ) (800 -912 0 ) 
4 26 28 (832 -976 208 ) (800 -976 208 ) (800 -976 0 ) (832 -976 0 ) 
4 26 27 (1072 -976 208 ) (912 -976 208 ) (912 -976 0 ) (1072 -976 0 ) 
4 27 64 (1072 -1056 208 ) (912 -1056 208 ) (912 -1056 0 ) (1072 -1056 0 ) 
4 28 131 (800 -1056 0 ) (800 -1056 208 ) (800 -976 208 ) (800 -976 0 ) 
4 28 64 (832 -1056 208 ) (800 -1056 208 ) (800 -1056 0 ) (832 -1056 0 ) 
4 29 34 (2016 -1312 0 ) (2016 -1504 0 ) (2016 -1504 256 ) (2016 -1312 256 ) 
4 29 31 (2016 -1056 256 ) (2016 -1056 0 ) (2016 -1232 0 ) (2016 -1232 256 ) 
4 29 30 (2160 -1552 256 ) (2016 -1552 256 ) (2016 -1552 0 ) (2160 -1552 0 ) 
4 30 49 (2160 -1584 -16 ) (2016 -1584 -16 ) (2016 -1552 -16 ) (2160 -1552 -16 ) 
4 30 43 (2016 -1584 0 ) (2016 -1584 -16 ) (2160 -1584 -16 ) (2160 -1584 0 ) 
4 30 39 (2160 -1584 256 ) (2016 -1584 256 ) (2016 -1584 0 ) (2160 -1584 0 ) 
4 31 62 (1616 -1056 256 ) (1616 -1056 0 ) (1616 -1232 0 ) (1616 -1232 256 ) 
4 31 33 (1616 -1232 256 ) (1616 -1232 0 ) (1664 -1232 0 ) (1664 -1232 256 ) 
4 31 32 (1744 -1232 0 ) (1936 -1232 0 ) (1936 -1232 256 ) (1744 -1232 256 ) 
4 32 34 (1936 -1312 256 ) (1744 -1312 256 ) (1744 -1312 0 ) (1936 -1312 0 ) 
4 33 62 (1616 -1312 0 ) (1616 -1312 256 ) (1616 -1232 256 ) (1616 -1232 0 ) 
4 33 34 (1664 -1312 256 ) (1616 -1312 256 ) (1616 -1312 0 ) (1664 -1312 0 ) 
4 34 62 (1616 -1504 0 ) (1616 -1504 256 ) (1616 -1312 256 ) (1616 -1312 0 ) 
4 34 37 (1616 -1504 256 ) (1616 -1504 0 ) (1664 -1504 0 ) (1664 -1504 256 ) 
4 34 35 (1744 -1504 0 ) (1936 -1504 0 ) (1936 -1504 256 ) (1744 -1504 256 ) 
4 35 39 (1744 -1584 256 ) (1744 -1584 0 ) (1936 -1584 0 ) (1936 -1584 256 ) 
4 35 36 (1936 -1584 0 ) (1744 -1584 0 ) (1744 -1552 0 ) (1936 -1552 0 ) 
4 36 57 (1888 -1584 -16 ) (1744 -1584 -16 ) (1744 -1552 -16 ) (1888 -1552 -16 ) 
4 36 50 (1936 -1552 -16 ) (1936 -1584 -16 ) (1888 -1584 -16 ) (1888 -1552 -16 ) 
4 36 47 (1744 -1584 0 ) (1744 -1584 -16 ) (1792 -1584 -16 ) (1792 -1584 0 ) 
4 36 44 (1792 -1584 -16 ) (1936 -1584 -16 ) (1936 -1584 0 ) (1792 -1584 0 ) 
4 37 66 (1616 -1584 0 ) (1616 -1584 256 ) (1616 -1552 256 ) (1616 -1552 0 ) 
4 37 62 (1616 -1552 256 ) (1616 -1504 256 ) (1616 -1504 0 ) (1616 -1552 0 ) 
4 37 39 (1616 -1584 256 ) (1616 -1584 0 ) (1664 -1584 0 ) (1664 -1584 256 ) 
4 37 38 (1616 -1584 0 ) (1616 -1552 0 ) (1664 -1552 0 ) (1664 -1584 0 ) 
4 38 66 (1616 -1552 -16 ) (1616 -1584 -16 ) (1616 -1584 0 ) (1616 -1552 0 ) 
4 38 58 (1616 -1584 -16 ) (1616 -1552 -16 ) (1664 -1552 -16 ) (1664 -1584 -16 ) 
4 38 47 (1616 -1584 0 ) (1616 -1584 -16 ) (1664 -1584 -16 ) (1664 -1584 0 ) 
4 39 251 (2016 -1904 256 ) (1616 -1904 256 ) (1616 -1904 0 ) (2016 -1904 0 ) 
4 39 227 (2384 -1904 0 ) (2384 -1904 256 ) (2016 -1904 256 ) (2016 -1904 0 ) 
4 39 67 (1616 -1904 0 ) (1616 -1904 256 ) (1616 -1584 256 ) (1616 -1584 0 ) 
4 39 48 (1792 -1904 0 ) (1616 -1904 0 ) (1616 -1776 0 ) (1792 -1776 0 ) 
4 39 47 (1616 -1728 0 ) (1616 -1584 0 ) (1792 -1584 0 ) (1792 -1728 0 ) 
4 39 45 (1792 -1760 0 ) (1792 -1648 0 ) (1888 -1648 0 ) (1888 -1760 0 ) 
4 39 44 (1792 -1648 0 ) (1792 -1584 0 ) (1952 -1584 0 ) (1952 -1648 0 ) 
4 39 46 (1952 -1904 0 ) (1792 -1904 0 ) (1792 -1760 0 ) (1952 -1760 0 ) 
4 39 42 (2384 -1904 0 ) (2240 -1904 0 ) (2240 -1856 0 ) (2384 -1856 0 ) 
4 39 40 (2192 -1632 0 ) (2192 -1584 0 ) (2336 -1584 0 ) (2336 -1632 0 ) 
4 39 41 (2192 -1856 0 ) (2192 -1632 0 ) (2384 -1632 0 ) (2384 -1856 0 ) 
4 39 43 (2192 -1904 0 ) (1952 -1904 0 ) (1952 -1584 0 ) (2192 -1584 0 ) 
4 40 51 (2192 -1632 -16 ) (2192 -1584 -16 ) (2336 -1584 -16 ) (2336 -1632 -16 ) 
4 40 41 (2192 -1632 0 ) (2192 -1632 -16 ) (2336 -1632 -16 ) (2336 -1632 0 ) 
4 40 43 (2192 -1584 0 ) (2192 -1584 -16 ) (2192 -1632 -16 ) (2192 -1632 0 ) 
4 41 52 (2192 -1856 -16 ) (2192 -1632 -16 ) (2384 -1632 -16 ) (2384 -1856 -16 ) 
4 41 42 (2240 -1856 -16 ) (2384 -1856 -16 ) (2384 -1856 0 ) (2240 -1856 0 ) 
4 41 43 (2192 -1632 -16 ) (2192 -1856 -16 ) (2192 -1856 0 ) (2192 -1632 0 ) 
4 42 228 (2384 -1904 -16 ) (2384 -1904 0 ) (2320 -1904 0 ) (2320 -1904 -16 ) 
4 42 230 (2320 -1904 0 ) (2240 -1904 0 ) (2240 -1904 -16 ) (2320 -1904 -16 ) 
4 42 53 (2384 -1904 -16 ) (2240 -1904 -16 ) (2240 -1856 -16 ) (2384 -1856 -16 ) 
4 43 252 (2016 -1904 0 ) (1952 -1904 0 ) (1952 -1904 -16 ) (2016 -1904 -16 ) 
4 43 231 (2096 -1904 0 ) (2016 -1904 0 ) (2016 -1904 -16 ) (2096 -1904 -16 ) 
4 43 230 (2192 -1904 0 ) (2096 -1904 0 ) (2096 -1904 -16 ) (2192 -1904 -16 ) 
4 43 54 (2192 -1904 -16 ) (1952 -1904 -16 ) (1952 -1632 -16 ) (2192 -1632 -16 ) 
4 43 51 (1952 -1632 -16 ) (1952 -1584 -16 ) (2192 -1584 -16 ) (2192 -1632 -16 ) 
4 43 44 (1952 -1584 -16 ) (1952 -1648 -16 ) (1952 -1648 0 ) (1952 -1584 0 ) 
4 43 46 (1952 -1760 -16 ) (1952 -1904 -16 ) (1952 -1904 0 ) (1952 -1760 0 ) 
4 44 57 (1792 -1648 -16 ) (1792 -1584 -16 ) (1888 -1584 -16 ) (1888 -1648 -16 ) 
4 44 55 (1952 -1632 -16 ) (1952 -1648 -16 ) (1888 -1648 -16 ) (1888 -1632 -16 ) 
4 44 51 (1888 -1584 -16 ) (1952 -1584 -16 ) (1952 -1632 -16 ) (1888 -1632 -16 ) 
4 44 47 (1792 -1584 0 ) (1792 -1584 -16 ) (1792 -1648 -16 ) (1792 -1648 0 ) 
4 44 45 (1792 -1648 0 ) (1792 -1648 -16 ) (1888 -1648 -16 ) (1888 -1648 0 ) 
4 45 60 (1792 -1760 -16 ) (1792 -1728 -16 ) (1888 -1728 -16 ) (1888 -1760 -16 ) 
4 45 57 (1792 -1728 -16 ) (1792 -1648 -16 ) (1888 -1648 -16 ) (1888 -1728 -16 ) 
4 45 47 (1792 -1648 -16 ) (1792 -1728 -16 ) (1792 -1728 0 ) (1792 -1648 0 ) 
4 45 46 (1792 -1760 -16 ) (1888 -1760 -16 ) (1888 -1760 0 ) (1792 -1760 0 ) 
4 46 252 (1952 -1904 0 ) (1792 -1904 0 ) (1792 -1904 -16 ) (1952 -1904 -16 ) 
4 46 60 (1888 -1904 -16 ) (1792 -1904 -16 ) (1792 -1760 -16 ) (1888 -1760 -16 ) 
4 46 56 (1952 -1904 -16 ) (1888 -1904 -16 ) (1888 -1760 -16 ) (1952 -1760 -16 ) 
4 46 48 (1792 -1776 -16 ) (1792 -1904 -16 ) (1792 -1904 0 ) (1792 -1776 0 ) 
4 47 68 (1616 -1584 -16 ) (1616 -1728 -16 ) (1616 -1728 0 ) (1616 -1584 0 ) 
4 47 59 (1616 -1728 -16 ) (1616 -1584 -16 ) (1744 -1584 -16 ) (1744 -1728 -16 ) 
4 47 57 (1744 -1584 -16 ) (1792 -1584 -16 ) (1792 -1728 -16 ) (1744 -1728 -16 ) 
4 48 256 (1744 -1904 0 ) (1616 -1904 0 ) (1616 -1904 -16 ) (1744 -1904 -16 ) 
4 48 252 (1792 -1904 0 ) (1744 -1904 0 ) (1744 -1904 -16 ) (1792 -1904 -16 ) 
4 48 69 (1616 -1808 -16 ) (1616 -1904 -16 ) (1616 -1904 0 ) (1616 -1808 0 ) 
4 48 68 (1616 -1776 -16 ) (1616 -1808 -16 ) (1616 -1808 0 ) (1616 -1776 0 ) 
4 48 61 (1792 -1904 -16 ) (1616 -1904 -16 ) (1616 -1776 -16 ) (1792 -1776 -16 ) 
4 49 51 (2160 -1584 -80 ) (2160 -1584 -16 ) (2016 -1584 -16 ) (2016 -1584 -80 ) 
4 50 57 (1888 -1584 -80 ) (1888 -1584 -16 ) (1888 -1552 -16 ) (1888 -1552 -80 ) 
4 50 51 (1936 -1584 -16 ) (1888 -1584 -16 ) (1888 -1584 -80 ) (1936 -1584 -80 ) 
4 51 57 (1888 -1632 -80 ) (1888 -1632 -16 ) (1888 -1584 -16 ) (1888 -1584 -80 ) 
4 51 55 (1952 -1632 -16 ) (1888 -1632 -16 ) (1888 -1632 -80 ) (1952 -1632 -80 ) 
4 51 54 (2192 -1632 -16 ) (1952 -1632 -16 ) (1952 -1632 -80 ) (2192 -1632 -80 ) 
4 51 52 (2336 -1632 -80 ) (2336 -1632 -16 ) (2192 -1632 -16 ) (2192 -1632 -80 ) 
4 52 54 (2192 -1632 -16 ) (2192 -1632 -80 ) (2192 -1856 -80 ) (2192 -1856 -16 ) 
4 52 53 (2384 -1856 -80 ) (2384 -1856 -16 ) (2240 -1856 -16 ) (2240 -1856 -80 ) 
4 53 238 (2384 -1904 -80 ) (2384 -1904 -16 ) (2320 -1904 -16 ) (2320 -1904 -80 ) 
4 53 240 (2320 -1904 -16 ) (2240 -1904 -16 ) (2240 -1904 -80 ) (2320 -1904 -80 ) 
4 54 268 (2016 -1904 -16 ) (1952 -1904 -16 ) (1952 -1904 -80 ) (2016 -1904 -80 ) 
4 54 241 (2096 -1904 -16 ) (2016 -1904 -16 ) (2016 -1904 -80 ) (2096 -1904 -80 ) 
4 54 240 (2192 -1904 -80 ) (2192 -1904 -16 ) (2096 -1904 -16 ) (2096 -1904 -80 ) 
4 54 55 (1952 -1632 -16 ) (1952 -1632 -80 ) (1952 -1648 -80 ) (1952 -1648 -16 ) 
4 54 56 (1952 -1760 -80 ) (1952 -1904 -80 ) (1952 -1904 -16 ) (1952 -1760 -16 ) 
4 55 57 (1888 -1648 -16 ) (1888 -1632 -16 ) (1888 -1632 -80 ) (1888 -1648 -80 ) 
4 56 268 (1952 -1904 -16 ) (1888 -1904 -16 ) (1888 -1904 -80 ) (1952 -1904 -80 ) 
4 56 60 (1888 -1904 -80 ) (1888 -1904 -16 ) (1888 -1760 -16 ) (1888 -1760 -80 ) 
4 57 60 (1888 -1728 -80 ) (1888 -1728 -16 ) (1792 -1728 -16 ) (1792 -1728 -80 ) 
4 57 59 (1744 -1728 -80 ) (1744 -1728 -16 ) (1744 -1584 -16 ) (1744 -1584 -80 ) 
4 58 71 (1616 -1584 -80 ) (1616 -1584 -16 ) (1616 -1552 -16 ) (1616 -1552 -80 ) 
4 58 59 (1664 -1584 -16 ) (1616 -1584 -16 ) (1616 -1584 -80 ) (1664 -1584 -80 ) 
4 59 72 (1616 -1728 -80 ) (1616 -1728 -16 ) (1616 -1584 -16 ) (1616 -1584 -80 ) 
4 60 268 (1888 -1904 -80 ) (1888 -1904 -16 ) (1792 -1904 -16 ) (1792 -1904 -80 ) 
4 60 61 (1792 -1776 -80 ) (1792 -1904 -80 ) (1792 -1904 -16 ) (1792 -1776 -16 ) 
4 61 268 (1792 -1904 -80 ) (1792 -1904 -16 ) (1616 -1904 -16 ) (1616 -1904 -80 ) 
4 61 73 (1616 -1904 -80 ) (1616 -1904 -16 ) (1616 -1808 -16 ) (1616 -1808 -80 ) 
4 61 72 (1616 -1808 -16 ) (1616 -1776 -16 ) (1616 -1776 -80 ) (1616 -1808 -80 ) 
4 62 66 (1616 -1552 0 ) (1616 -1552 256 ) (1520 -1552 256 ) (1520 -1552 0 ) 
4 64 134 (800 -1056 208 ) (800 -1056 0 ) (800 -1200 0 ) (800 -1200 208 ) 
4 65 142 (800 -1552 336 ) (800 -1328 336 ) (800 -1328 -128 ) (800 -1552 -128 ) 
4 65 135 (800 -1328 336 ) (800 -1264 336 ) (800 -1264 -128 ) (800 -1328 -128 ) 
4 65 76 (800 -1552 112 ) (800 -1552 -128 ) (1136 -1552 -128 ) (1136 -1552 112 ) 
4 65 75 (800 -1552 336 ) (800 -1552 112 ) (1136 -1552 112 ) (1136 -1552 336 ) 
4 66 71 (1520 -1552 -16 ) (1616 -1552 -16 ) (1616 -1584 -16 ) (1520 -1584 -16 ) 
4 66 68 (1520 -1584 -16 ) (1616 -1584 -16 ) (1616 -1584 0 ) (1520 -1584 0 ) 
4 66 67 (1616 -1584 0 ) (1616 -1584 256 ) (1520 -1584 256 ) (1520 -1584 0 ) 
4 67 251 (1616 -1904 0 ) (1616 -1904 256 ) (1296 -1904 256 ) (1296 -1904 0 ) 
4 67 69 (1616 -1904 0 ) (1536 -1904 0 ) (1536 -1808 0 ) (1616 -1808 0 ) 
4 67 68 (1472 -1808 0 ) (1472 -1584 0 ) (1616 -1584 0 ) (1616 -1808 0 ) 
4 67 70 (1472 -1904 0 ) (1296 -1904 0 ) (1296 -1584 0 ) (1472 -1584 0 ) 
4 68 72 (1616 -1584 -16 ) (1616 -1808 -16 ) (1472 -1808 -16 ) (1472 -1584 -16 ) 
4 68 69 (1536 -1808 -16 ) (1616 -1808 -16 ) (1616 -1808 0 ) (1536 -1808 0 ) 
4 68 70 (1472 -1808 0 ) (1472 -1584 0 ) (1472 -1584 -16 ) (1472 -1808 -16 ) 
4 69 256 (1616 -1904 -16 ) (1616 -1904 0 ) (1536 -1904 0 ) (1536 -1904 -16 ) 
4 69 73 (1616 -1808 -16 ) (1616 -1904 -16 ) (1536 -1904 -16 ) (1536 -1808 -16 ) 
4 70 259 (1392 -1904 0 ) (1296 -1904 0 ) (1296 -1904 -16 ) (1392 -1904 -16 ) 
4 70 258 (1472 -1904 0 ) (1392 -1904 0 ) (1392 -1904 -16 ) (1472 -1904 -16 ) 
4 70 74 (1472 -1904 -16 ) (1296 -1904 -16 ) (1296 -1584 -16 ) (1472 -1584 -16 ) 
4 71 72 (1616 -1584 -80 ) (1616 -1584 -16 ) (1520 -1584 -16 ) (1520 -1584 -80 ) 
4 72 74 (1472 -1584 -16 ) (1472 -1584 -80 ) (1472 -1808 -80 ) (1472 -1808 -16 ) 
4 72 73 (1616 -1808 -80 ) (1616 -1808 -16 ) (1536 -1808 -16 ) (1536 -1808 -80 ) 
4 73 268 (1616 -1904 -80 ) (1616 -1904 -16 ) (1536 -1904 -16 ) (1536 -1904 -80 ) 
4 74 268 (1472 -1904 -16 ) (1296 -1904 -16 ) (1296 -1904 -80 ) (1472 -1904 -80 ) 
4 75 365 (1008 -1904 336 ) (800 -1904 336 ) (800 -1904 112 ) (1008 -1904 112 ) 
4 75 361 (1136 -1904 336 ) (1008 -1904 336 ) (1008 -1904 112 ) (1136 -1904 112 ) 
4 75 142 (800 -1904 112 ) (800 -1904 336 ) (800 -1552 336 ) (800 -1552 112 ) 
4 75 78 (1008 -1904 112 ) (800 -1904 112 ) (800 -1824 112 ) (1008 -1824 112 ) 
4 75 77 (1136 -1824 112 ) (1136 -1872 112 ) (1008 -1872 112 ) (1008 -1824 112 ) 
4 75 76 (1136 -1552 112 ) (1136 -1824 112 ) (800 -1824 112 ) (800 -1552 112 ) 
4 76 145 (800 -1776 -160 ) (800 -1824 -160 ) (800 -1824 -128 ) (800 -1776 -128 ) 
4 76 143 (800 -1552 -128 ) (800 -1552 -160 ) (800 -1776 -160 ) (800 -1776 -128 ) 
4 76 142 (800 -1824 112 ) (800 -1552 112 ) (800 -1552 -128 ) (800 -1824 -128 ) 
4 76 82 (800 -1824 -160 ) (800 -1552 -160 ) (1008 -1552 -160 ) (1008 -1824 -160 ) 
4 76 81 (1008 -1552 -160 ) (1136 -1552 -160 ) (1136 -1824 -160 ) (1008 -1824 -160 ) 
4 76 79 (832 -1824 -160 ) (896 -1824 -160 ) (896 -1824 -128 ) (832 -1824 -128 ) 
4 76 78 (800 -1824 112 ) (800 -1824 -128 ) (1008 -1824 -128 ) (1008 -1824 112 ) 
4 76 77 (1008 -1824 -160 ) (1136 -1824 -160 ) (1136 -1824 112 ) (1008 -1824 112 ) 
4 77 81 (1008 -1872 -160 ) (1008 -1824 -160 ) (1136 -1824 -160 ) (1136 -1872 -160 ) 
4 77 78 (1008 -1872 -128 ) (1008 -1872 112 ) (1008 -1824 112 ) (1008 -1824 -128 ) 
4 78 365 (800 -1904 112 ) (800 -1904 64 ) (1008 -1904 64 ) (1008 -1904 112 ) 
4 78 142 (800 -1904 -128 ) (800 -1904 112 ) (800 -1824 112 ) (800 -1824 -128 ) 
4 78 80 (800 -1904 -128 ) (800 -1856 -128 ) (832 -1856 -128 ) (832 -1904 -128 ) 
4 78 79 (832 -1824 -128 ) (896 -1824 -128 ) (896 -1904 -128 ) (832 -1904 -128 ) 
4 79 83 (896 -1904 -160 ) (832 -1904 -160 ) (832 -1824 -160 ) (896 -1824 -160 ) 
4 79 80 (832 -1856 -160 ) (832 -1904 -160 ) (832 -1904 -128 ) (832 -1856 -128 ) 
4 80 145 (800 -1904 -160 ) (800 -1904 -128 ) (800 -1856 -128 ) (800 -1856 -160 ) 
4 80 84 (832 -1904 -160 ) (800 -1904 -160 ) (800 -1856 -160 ) (832 -1856 -160 ) 
4 81 82 (1008 -1824 -160 ) (1008 -1552 -160 ) (1008 -1552 -176 ) (1008 -1824 -176 ) 
4 82 146 (800 -1824 -176 ) (800 -1824 -160 ) (800 -1776 -160 ) (800 -1776 -176 ) 
4 82 144 (800 -1776 -160 ) (800 -1552 -160 ) (800 -1552 -176 ) (800 -1776 -176 ) 
4 82 83 (896 -1824 -160 ) (832 -1824 -160 ) (832 -1824 -176 ) (896 -1824 -176 ) 
4 83 84 (832 -1856 -176 ) (832 -1904 -176 ) (832 -1904 -160 ) (832 -1856 -160 ) 
4 84 146 (800 -1904 -176 ) (800 -1904 -160 ) (800 -1856 -160 ) (800 -1856 -176 ) 
4 85 86 (64 160 96 ) (64 160 0 ) (64 64 0 ) (64 64 96 ) 
4 86 107 (32 48 0 ) (32 48 96 ) (32 160 96 ) (32 160 0 ) 
4 87 90 (64 -80 0 ) (64 -80 96 ) (64 16 96 ) (64 16 0 ) 
4 87 89 (64 -80 96 ) (64 -80 336 ) (64 16 336 ) (64 16 96 ) 
4 87 88 (64 -80 0 ) (208 16 0 ) (624 16 0 ) (624 -80 0 ) 
4 87 91 (624 -80 0 ) (624 -80 336 ) (64 -80 336 ) (64 -80 0 ) 
4 88 91 (624 -80 -128 ) (624 -80 0 ) (64 -80 0 ) (64 -80 -128 ) 
4 89 109 (32 -80 336 ) (32 16 336 ) (32 16 96 ) (32 -80 96 ) 
4 89 90 (64 16 96 ) (64 -80 96 ) (32 -80 96 ) (32 16 96 ) 
4 89 91 (64 -80 336 ) (32 -80 336 ) (32 -80 96 ) (64 -80 96 ) 
4 90 110 (32 32 96 ) (32 32 0 ) (32 -80 0 ) (32 -80 96 ) 
4 90 91 (32 -80 96 ) (32 -80 0 ) (64 -80 0 ) (64 -80 96 ) 
4 91 112 (32 -400 -128 ) (32 -400 336 ) (32 -80 336 ) (32 -80 -128 ) 
4 91 103 (32 -400 0 ) (32 -400 -128 ) (128 -400 -128 ) (128 -400 0 ) 
4 91 99 (432 -400 336 ) (32 -400 336 ) (32 -400 0 ) (432 -400 0 ) 
4 91 93 (544 -400 336 ) (432 -400 336 ) (432 -400 0 ) (544 -400 0 ) 
4 91 92 (624 -400 -128 ) (624 -400 336 ) (544 -400 336 ) (544 -400 -128 ) 
4 92 94 (624 -496 240 ) (624 -496 336 ) (544 -496 336 ) (544 -496 240 ) 
4 92 93 (544 -496 336 ) (544 -400 336 ) (544 -400 0 ) (544 -496 0 ) 
4 93 99 (432 -496 336 ) (432 -400 336 ) (432 -400 0 ) (432 -496 0 ) 
4 93 94 (544 -496 240 ) (544 -496 336 ) (432 -496 336 ) (432 -496 240 ) 
4 94 128 (624 -912 336 ) (432 -912 336 ) (432 -912 240 ) (624 -912 240 ) 
4 94 100 (432 -912 240 ) (432 -912 336 ) (432 -496 336 ) (432 -496 240 ) 
4 95 97 (432 -672 208 ) (432 -672 0 ) (592 -672 0 ) (592 -672 208 ) 
4 95 96 (672 -672 0 ) (800 -672 0 ) (800 -672 208 ) (672 -672 208 ) 
4 96 98 (800 -752 0 ) (800 -752 208 ) (672 -752 208 ) (672 -752 0 ) 
4 97 98 (592 -752 0 ) (592 -752 208 ) (432 -752 208 ) (432 -752 0 ) 
4 98 130 (800 -912 0 ) (800 -912 144 ) (432 -912 144 ) (432 -912 0 ) 
4 98 129 (800 -912 144 ) (800 -912 208 ) (432 -912 208 ) (432 -912 144 ) 
4 98 101 (432 -912 0 ) (432 -912 144 ) (432 -768 144 ) (432 -768 0 ) 
4 99 112 (32 -496 336 ) (32 -400 336 ) (32 -400 0 ) (32 -496 0 ) 
4 99 103 (128 -496 0 ) (32 -496 0 ) (32 -400 0 ) (128 -400 0 ) 
4 99 100 (432 -496 240 ) (432 -496 336 ) (384 -496 336 ) (384 -496 240 ) 
4 99 102 (384 -496 336 ) (32 -496 336 ) (32 -496 0 ) (384 -496 0 ) 
4 100 128 (432 -912 336 ) (384 -912 336 ) (384 -912 240 ) (432 -912 240 ) 
4 100 102 (384 -912 240 ) (384 -912 336 ) (384 -496 336 ) (384 -496 240 ) 
4 101 130 (384 -912 144 ) (384 -912 0 ) (432 -912 0 ) (432 -912 144 ) 
4 101 102 (384 -768 0 ) (384 -912 0 ) (384 -912 144 ) (384 -768 144 ) 
4 102 138 (384 -912 336 ) (32 -912 336 ) (32 -912 0 ) (384 -912 0 ) 
4 102 119 (32 -912 0 ) (32 -912 160 ) (32 -608 160 ) (32 -608 0 ) 
4 102 118 (32 -912 160 ) (32 -912 336 ) (32 -608 336 ) (32 -608 160 ) 
4 102 112 (32 -608 336 ) (32 -496 336 ) (32 -496 0 ) (32 -608 0 ) 
4 102 106 (288 -912 0 ) (32 -912 0 ) (32 -816 0 ) (288 -816 0 ) 
4 102 105 (32 -816 0 ) (32 -720 0 ) (128 -720 0 ) (128 -816 0 ) 
4 102 104 (32 -720 0 ) (32 -624 0 ) (288 -624 0 ) (288 -720 0 ) 
4 102 103 (32 -624 0 ) (32 -496 0 ) (128 -496 0 ) (128 -624 0 ) 
4 103 119 (32 -624 0 ) (32 -608 0 ) (32 -608 -128 ) (32 -624 -128 ) 
4 103 112 (32 -608 0 ) (32 -400 0 ) (32 -400 -128 ) (32 -608 -128 ) 
5 103 104 (128 -624 0 ) (32 -624 0 ) (32 -624 -128 ) (64 -624 -128 ) (128 -624 -91.428571 ) 
4 104 119 (32 -720 0 ) (32 -624 0 ) (32 -624 -128 ) (32 -720 -128 ) 
5 104 105 (128 -720 0 ) (32 -720 0 ) (32 -720 -128 ) (64 -720 -128 ) (128 -720 -91.428571 ) 
4 105 119 (32 -816 0 ) (32 -720 0 ) (32 -720 -128 ) (32 -816 -128 ) 
5 105 106 (32 -816 0 ) (32 -816 -128 ) (64 -816 -128 ) (128 -816 -91.428571 ) (128 -816 0 ) 
5 106 139 (32 -912 0 ) (32 -912 -128 ) (64 -912 -128 ) (128 -912 -91.428571 ) (128 -912 0 ) 
4 106 119 (32 -912 -128 ) (32 -912 0 ) (32 -816 0 ) (32 -816 -128 ) 
4 107 108 (32 48 0 ) (32 48 80 ) (-32 48 80 ) (-32 48 0 ) 
4 108 110 (-32 32 0 ) (32 32 0 ) (32 32 80 ) (-32 32 80 ) 
4 109 113 (-368 -80 112 ) (-368 -80 336 ) (-368 16 336 ) (-368 16 112 ) 
4 109 112 (32 -80 96 ) (32 -80 336 ) (-368 -80 336 ) (-368 -80 96 ) 
4 109 111 (-368 -80 96 ) (-368 16 96 ) (-64 16 96 ) (-64 -80 96 ) 
4 109 110 (-64 16 96 ) (32 16 96 ) (32 -80 96 ) (-64 -80 96 ) 
4 110 112 (32 -80 0 ) (32 -80 96 ) (-64 -80 96 ) (-64 -80 0 ) 
4 110 111 (-64 -80 0 ) (-64 -80 96 ) (-64 16 96 ) (-64 16 0 ) 
4 111 112 (-64 -80 0 ) (-64 -80 96 ) (-368 -80 96 ) (-368 -80 0 ) 
4 112 119 (32 -608 -128 ) (32 -608 160 ) (-368 -608 160 ) (-368 -608 -128 ) 
4 112 118 (32 -608 160 ) (32 -608 336 ) (-368 -608 336 ) (-368 -608 160 ) 
4 112 116 (-368 -608 -128 ) (-368 -608 64 ) (-368 -112 64 ) (-368 -112 -128 ) 
4 112 115 (-368 -608 64 ) (-368 -608 336 ) (-368 -112 336 ) (-368 -112 64 ) 
4 112 113 (-368 -112 336 ) (-368 -80 336 ) (-368 -80 112 ) (-368 -112 112 ) 
4 113 115 (-368 -112 112 ) (-368 -112 336 ) (-752 -112 336 ) (-752 -112 112 ) 
4 113 114 (-752 -112 112 ) (-752 16 112 ) (-496 16 112 ) (-496 -112 112 ) 
4 114 117 (-496 -112 -128 ) (-496 -112 64 ) (-752 -112 64 ) (-752 -112 -128 ) 
4 114 115 (-496 -112 64 ) (-496 -112 112 ) (-752 -112 112 ) (-752 -112 64 ) 
4 115 127 (-496 -608 160 ) (-752 -608 160 ) (-752 -608 64 ) (-496 -608 64 ) 
4 115 118 (-368 -608 160 ) (-368 -608 336 ) (-752 -608 336 ) (-752 -608 160 ) 
4 115 117 (-464 -608 64 ) (-752 -608 64 ) (-752 -112 64 ) (-464 -112 64 ) 
4 115 116 (-368 -608 64 ) (-400 -608 64 ) (-400 -112 64 ) (-368 -112 64 ) 
4 117 127 (-496 -608 64 ) (-752 -608 64 ) (-752 -608 -128 ) (-496 -608 -128 ) 
4 118 193 (32 -912 160 ) (32 -912 336 ) (-752 -912 336 ) (-752 -912 160 ) 
4 118 127 (-752 -608 160 ) (-496 -608 160 ) (-496 -912 160 ) (-752 -912 160 ) 
4 118 120 (-368 -736 160 ) (-368 -912 160 ) (-496 -912 160 ) (-496 -736 160 ) 
4 118 119 (-368 -608 160 ) (32 -608 160 ) (32 -912 160 ) (-368 -912 160 ) 
4 119 194 (32 -912 -128 ) (32 -912 160 ) (-368 -912 160 ) (-368 -912 -128 ) 
4 119 125 (-368 -800 -128 ) (-368 -912 -128 ) (-368 -912 32 ) (-368 -800 32 ) 
4 119 123 (-368 -736 32 ) (-368 -736 -128 ) (-368 -800 -128 ) (-368 -800 32 ) 
4 119 121 (-368 -736 128 ) (-368 -736 32 ) (-368 -912 32 ) (-368 -912 128 ) 
4 119 120 (-368 -912 160 ) (-368 -736 160 ) (-368 -736 128 ) (-368 -912 128 ) 
4 120 195 (-368 -912 128 ) (-368 -912 160 ) (-496 -912 160 ) (-496 -912 128 ) 
4 120 127 (-496 -912 128 ) (-496 -912 160 ) (-496 -736 160 ) (-496 -736 128 ) 
4 120 122 (-496 -912 128 ) (-496 -736 128 ) (-480 -736 128 ) (-480 -912 128 ) 
4 120 121 (-384 -736 128 ) (-368 -736 128 ) (-368 -912 128 ) (-384 -912 128 ) 
4 121 196 (-368 -912 32 ) (-368 -912 128 ) (-384 -912 128 ) (-384 -912 32 ) 
4 121 125 (-368 -912 32 ) (-384 -912 32 ) (-384 -800 32 ) (-368 -800 32 ) 
4 121 123 (-384 -800 32 ) (-384 -736 32 ) (-368 -736 32 ) (-368 -800 32 ) 
4 122 199 (-480 -912 128 ) (-496 -912 128 ) (-496 -912 32 ) (-480 -912 32 ) 
4 122 127 (-496 -912 32 ) (-496 -912 128 ) (-496 -736 128 ) (-496 -736 32 ) 
4 122 126 (-480 -912 32 ) (-496 -912 32 ) (-496 -800 32 ) (-480 -800 32 ) 
4 122 124 (-496 -800 32 ) (-496 -736 32 ) (-480 -736 32 ) (-480 -800 32 ) 
4 123 125 (-368 -800 -128 ) (-368 -800 32 ) (-384 -800 32 ) (-384 -800 -128 ) 
4 124 127 (-496 -736 -128 ) (-496 -800 -128 ) (-496 -800 32 ) (-496 -736 32 ) 
4 124 126 (-480 -800 32 ) (-496 -800 32 ) (-496 -800 -128 ) (-480 -800 -128 ) 
4 125 197 (-368 -912 -128 ) (-368 -912 32 ) (-400 -912 32 ) (-400 -912 -128 ) 
4 126 200 (-464 -912 32 ) (-496 -912 32 ) (-496 -912 -128 ) (-464 -912 -128 ) 
4 126 127 (-496 -800 -128 ) (-496 -912 -128 ) (-496 -912 32 ) (-496 -800 32 ) 
4 127 202 (-496 -912 -128 ) (-496 -912 160 ) (-752 -912 160 ) (-752 -912 -128 ) 
4 128 138 (384 -1232 336 ) (384 -912 336 ) (384 -912 240 ) (384 -1232 240 ) 
4 128 136 (624 -1232 336 ) (384 -1232 336 ) (384 -1232 240 ) (624 -1232 240 ) 
4 129 133 (592 -960 208 ) (432 -960 208 ) (432 -960 144 ) (592 -960 144 ) 
4 129 132 (672 -960 208 ) (592 -960 208 ) (592 -960 144 ) (672 -960 144 ) 
4 129 131 (800 -960 144 ) (800 -960 208 ) (672 -960 208 ) (672 -960 144 ) 
4 129 130 (432 -912 144 ) (800 -912 144 ) (800 -960 144 ) (432 -960 144 ) 
4 130 138 (384 -912 144 ) (384 -912 0 ) (384 -960 0 ) (384 -960 144 ) 
4 130 133 (592 -960 144 ) (432 -960 144 ) (432 -960 0 ) (592 -960 0 ) 
4 130 132 (672 -960 144 ) (592 -960 144 ) (592 -960 0 ) (672 -960 0 ) 
4 130 131 (800 -960 0 ) (800 -960 144 ) (672 -960 144 ) (672 -960 0 ) 
4 131 134 (800 -1056 0 ) (800 -1056 208 ) (672 -1056 208 ) (672 -1056 0 ) 
4 131 132 (672 -960 208 ) (672 -960 0 ) (672 -976 0 ) (672 -976 208 ) 
4 132 133 (592 -960 208 ) (592 -960 0 ) (592 -976 0 ) (592 -976 208 ) 
4 133 134 (592 -1056 0 ) (592 -1056 208 ) (432 -1056 208 ) (432 -1056 0 ) 
4 135 142 (800 -1328 -128 ) (800 -1328 336 ) (624 -1328 336 ) (624 -1328 -128 ) 
4 135 137 (624 -1264 -128 ) (624 -1328 -128 ) (624 -1328 0 ) (624 -1264 0 ) 
4 135 136 (624 -1328 0 ) (624 -1328 336 ) (624 -1264 336 ) (624 -1264 0 ) 
4 136 142 (624 -1328 336 ) (384 -1328 336 ) (384 -1328 0 ) (624 -1328 0 ) 
4 136 138 (384 -1328 0 ) (384 -1328 336 ) (384 -1232 336 ) (384 -1232 0 ) 
4 136 137 (624 -1232 0 ) (624 -1328 0 ) (544 -1328 0 ) (544 -1232 0 ) 
4 137 142 (544 -1328 -128 ) (624 -1328 -128 ) (624 -1328 0 ) (544 -1328 0 ) 
4 138 203 (32 -1120 0 ) (32 -1328 0 ) (32 -1328 160 ) (32 -1120 160 ) 
4 138 194 (32 -912 160 ) (32 -912 0 ) (32 -1120 0 ) (32 -1120 160 ) 
4 138 193 (32 -912 336 ) (32 -912 160 ) (32 -1328 160 ) (32 -1328 336 ) 
4 138 142 (384 -1328 336 ) (32 -1328 336 ) (32 -1328 0 ) (384 -1328 0 ) 
4 138 141 (128 -1328 0 ) (32 -1328 0 ) (32 -1104 0 ) (128 -1104 0 ) 
4 138 140 (288 -1104 0 ) (32 -1104 0 ) (32 -1008 0 ) (288 -1008 0 ) 
4 138 139 (32 -912 0 ) (128 -912 0 ) (128 -1008 0 ) (32 -1008 0 ) 
4 139 194 (32 -912 0 ) (32 -912 -128 ) (32 -1008 -128 ) (32 -1008 0 ) 
5 139 140 (32 -1008 -128 ) (64 -1008 -128 ) (128 -1008 -91.428571 ) (128 -1008 0 ) (32 -1008 0 ) 
4 140 194 (32 -1008 -128 ) (32 -1104 -128 ) (32 -1104 0 ) (32 -1008 0 ) 
5 140 141 (32 -1104 0 ) (32 -1104 -128 ) (64 -1104 -128 ) (128 -1104 -91.428571 ) (128 -1104 0 ) 
4 141 203 (32 -1120 -128 ) (32 -1328 -128 ) (32 -1328 0 ) (32 -1120 0 ) 
4 141 194 (32 -1104 -128 ) (32 -1120 -128 ) (32 -1120 0 ) (32 -1104 0 ) 
4 141 142 (32 -1328 0 ) (32 -1328 -128 ) (128 -1328 -128 ) (128 -1328 0 ) 
4 142 365 (800 -1904 64 ) (800 -1904 336 ) (32 -1904 336 ) (32 -1904 64 ) 
4 142 213 (32 -1904 -128 ) (32 -1904 160 ) (32 -1872 160 ) (32 -1872 -128 ) 
4 142 203 (32 -1552 160 ) (32 -1328 160 ) (32 -1328 -128 ) (32 -1552 -128 ) 
4 142 204 (32 -1872 160 ) (32 -1552 160 ) (32 -1552 -128 ) (32 -1872 -128 ) 
4 142 193 (32 -1904 160 ) (32 -1904 336 ) (32 -1328 336 ) (32 -1328 160 ) 
4 142 164 (432 -1904 -128 ) (32 -1904 -128 ) (32 -1552 -128 ) (432 -1552 -128 ) 
4 142 161 (528 -1904 -128 ) (432 -1904 -128 ) (432 -1856 -128 ) (528 -1856 -128 ) 
4 142 159 (608 -1904 -128 ) (528 -1904 -128 ) (528 -1856 -128 ) (608 -1856 -128 ) 
4 142 157 (432 -1856 -128 ) (432 -1776 -128 ) (576 -1776 -128 ) (576 -1856 -128 ) 
4 142 155 (608 -1808 -128 ) (608 -1856 -128 ) (576 -1856 -128 ) (576 -1808 -128 ) 
4 142 154 (576 -1776 -128 ) (608 -1776 -128 ) (608 -1808 -128 ) (576 -1808 -128 ) 
4 142 152 (720 -1904 -128 ) (608 -1904 -128 ) (608 -1888 -128 ) (720 -1888 -128 ) 
4 142 150 (608 -1888 -128 ) (608 -1840 -128 ) (672 -1840 -128 ) (672 -1888 -128 ) 
4 142 149 (672 -1840 -128 ) (720 -1840 -128 ) (720 -1888 -128 ) (672 -1888 -128 ) 
4 142 147 (608 -1840 -128 ) (608 -1776 -128 ) (720 -1776 -128 ) (720 -1840 -128 ) 
4 142 145 (800 -1904 -128 ) (720 -1904 -128 ) (720 -1776 -128 ) (800 -1776 -128 ) 
4 142 143 (432 -1776 -128 ) (432 -1552 -128 ) (800 -1552 -128 ) (800 -1776 -128 ) 
4 143 166 (432 -1776 -160 ) (432 -1776 -144 ) (432 -1744 -144 ) (432 -1744 -160 ) 
4 143 165 (432 -1744 -144 ) (432 -1552 -144 ) (432 -1552 -160 ) (432 -1744 -160 ) 
4 143 164 (432 -1776 -144 ) (432 -1776 -128 ) (432 -1552 -128 ) (432 -1552 -144 ) 
4 143 157 (576 -1776 -128 ) (432 -1776 -128 ) (432 -1776 -160 ) (576 -1776 -160 ) 
4 143 154 (608 -1776 -128 ) (576 -1776 -128 ) (576 -1776 -144 ) (608 -1776 -144 ) 
4 143 147 (720 -1776 -128 ) (608 -1776 -128 ) (608 -1776 -160 ) (720 -1776 -160 ) 
4 143 145 (800 -1776 -160 ) (800 -1776 -128 ) (720 -1776 -128 ) (720 -1776 -160 ) 
4 143 144 (432 -1776 -160 ) (432 -1552 -160 ) (800 -1552 -160 ) (800 -1776 -160 ) 
4 144 180 (432 -1776 -176 ) (432 -1776 -160 ) (432 -1744 -160 ) (432 -1744 -176 ) 
4 144 179 (432 -1744 -160 ) (432 -1552 -160 ) (432 -1552 -176 ) (432 -1744 -176 ) 
4 144 158 (576 -1776 -160 ) (432 -1776 -160 ) (432 -1776 -176 ) (576 -1776 -176 ) 
4 144 148 (720 -1776 -160 ) (608 -1776 -160 ) (608 -1776 -176 ) (720 -1776 -176 ) 
4 144 146 (800 -1776 -176 ) (800 -1776 -160 ) (720 -1776 -160 ) (720 -1776 -176 ) 
4 145 152 (720 -1904 -160 ) (720 -1904 -128 ) (720 -1888 -128 ) (720 -1888 -160 ) 
4 145 149 (720 -1888 -128 ) (720 -1840 -128 ) (720 -1840 -144 ) (720 -1888 -144 ) 
4 145 147 (720 -1840 -128 ) (720 -1776 -128 ) (720 -1776 -160 ) (720 -1840 -160 ) 
4 145 146 (800 -1904 -160 ) (720 -1904 -160 ) (720 -1776 -160 ) (800 -1776 -160 ) 
4 146 153 (720 -1904 -176 ) (720 -1904 -160 ) (720 -1888 -160 ) (720 -1888 -176 ) 
4 146 148 (720 -1840 -160 ) (720 -1776 -160 ) (720 -1776 -176 ) (720 -1840 -176 ) 
4 147 155 (608 -1808 -160 ) (608 -1840 -160 ) (608 -1840 -128 ) (608 -1808 -128 ) 
4 147 154 (608 -1776 -128 ) (608 -1776 -144 ) (608 -1808 -144 ) (608 -1808 -128 ) 
4 147 150 (608 -1840 -128 ) (608 -1840 -160 ) (672 -1840 -160 ) (672 -1840 -128 ) 
4 147 149 (720 -1840 -144 ) (720 -1840 -128 ) (672 -1840 -128 ) (672 -1840 -144 ) 
4 147 148 (608 -1840 -160 ) (608 -1776 -160 ) (720 -1776 -160 ) (720 -1840 -160 ) 
4 148 156 (608 -1808 -176 ) (608 -1840 -176 ) (608 -1840 -160 ) (608 -1808 -160 ) 
4 148 151 (608 -1840 -160 ) (608 -1840 -176 ) (672 -1840 -176 ) (672 -1840 -160 ) 
4 149 152 (720 -1888 -144 ) (720 -1888 -128 ) (672 -1888 -128 ) (672 -1888 -144 ) 
4 149 150 (672 -1888 -144 ) (672 -1888 -128 ) (672 -1840 -128 ) (672 -1840 -144 ) 
4 150 159 (608 -1888 -160 ) (608 -1888 -128 ) (608 -1856 -128 ) (608 -1856 -160 ) 
4 150 155 (608 -1856 -128 ) (608 -1840 -128 ) (608 -1840 -160 ) (608 -1856 -160 ) 
4 150 152 (672 -1888 -160 ) (672 -1888 -128 ) (608 -1888 -128 ) (608 -1888 -160 ) 
4 150 151 (608 -1840 -160 ) (672 -1840 -160 ) (672 -1888 -160 ) (608 -1888 -160 ) 
4 151 160 (608 -1888 -176 ) (608 -1888 -160 ) (608 -1856 -160 ) (608 -1856 -176 ) 
4 151 156 (608 -1856 -160 ) (608 -1840 -160 ) (608 -1840 -176 ) (608 -1856 -176 ) 
4 151 153 (672 -1888 -176 ) (672 -1888 -160 ) (608 -1888 -160 ) (608 -1888 -176 ) 
4 152 159 (608 -1904 -160 ) (608 -1904 -128 ) (608 -1888 -128 ) (608 -1888 -160 ) 
4 152 153 (608 -1904 -160 ) (608 -1888 -160 ) (720 -1888 -160 ) (720 -1904 -160 ) 
4 153 160 (608 -1904 -176 ) (608 -1904 -160 ) (608 -1888 -160 ) (608 -1888 -176 ) 
4 154 157 (576 -1776 -128 ) (576 -1776 -144 ) (576 -1808 -144 ) (576 -1808 -128 ) 
4 154 155 (608 -1808 -144 ) (608 -1808 -128 ) (576 -1808 -128 ) (576 -1808 -144 ) 
4 155 159 (608 -1856 -160 ) (608 -1856 -128 ) (576 -1856 -128 ) (576 -1856 -160 ) 
4 155 157 (576 -1856 -160 ) (576 -1856 -128 ) (576 -1808 -128 ) (576 -1808 -160 ) 
4 155 156 (576 -1856 -160 ) (576 -1808 -160 ) (608 -1808 -160 ) (608 -1856 -160 ) 
4 156 160 (608 -1856 -176 ) (608 -1856 -160 ) (576 -1856 -160 ) (576 -1856 -176 ) 
4 156 158 (576 -1856 -176 ) (576 -1856 -160 ) (576 -1808 -160 ) (576 -1808 -176 ) 
4 157 166 (432 -1792 -144 ) (432 -1776 -144 ) (432 -1776 -160 ) (432 -1792 -160 ) 
4 157 167 (432 -1856 -160 ) (432 -1856 -144 ) (432 -1792 -144 ) (432 -1792 -160 ) 
4 157 164 (432 -1856 -144 ) (432 -1856 -128 ) (432 -1776 -128 ) (432 -1776 -144 ) 
4 157 161 (528 -1856 -128 ) (432 -1856 -128 ) (432 -1856 -144 ) (528 -1856 -144 ) 
4 157 159 (576 -1856 -160 ) (576 -1856 -128 ) (528 -1856 -128 ) (528 -1856 -160 ) 
4 157 158 (576 -1776 -160 ) (576 -1856 -160 ) (432 -1856 -160 ) (432 -1776 -160 ) 
4 158 180 (432 -1792 -160 ) (432 -1776 -160 ) (432 -1776 -176 ) (432 -1792 -176 ) 
4 158 181 (432 -1856 -176 ) (432 -1856 -160 ) (432 -1792 -160 ) (432 -1792 -176 ) 
4 158 160 (576 -1856 -176 ) (576 -1856 -160 ) (528 -1856 -160 ) (528 -1856 -176 ) 
4 159 162 (528 -1888 -160 ) (528 -1904 -160 ) (528 -1904 -144 ) (528 -1888 -144 ) 
4 159 161 (528 -1856 -128 ) (528 -1856 -144 ) (528 -1904 -144 ) (528 -1904 -128 ) 
4 159 160 (528 -1856 -160 ) (608 -1856 -160 ) (608 -1904 -160 ) (528 -1904 -160 ) 
4 160 163 (528 -1888 -176 ) (528 -1904 -176 ) (528 -1904 -160 ) (528 -1888 -160 ) 
4 161 164 (432 -1904 -144 ) (432 -1904 -128 ) (432 -1856 -128 ) (432 -1856 -144 ) 
4 161 162 (528 -1888 -144 ) (528 -1904 -144 ) (432 -1904 -144 ) (432 -1888 -144 ) 
4 162 167 (432 -1904 -160 ) (432 -1904 -144 ) (432 -1888 -144 ) (432 -1888 -160 ) 
4 162 163 (528 -1904 -160 ) (432 -1904 -160 ) (432 -1888 -160 ) (528 -1888 -160 ) 
4 163 181 (432 -1904 -176 ) (432 -1904 -160 ) (432 -1888 -160 ) (432 -1888 -176 ) 
4 164 213 (32 -1904 -144 ) (32 -1904 -128 ) (32 -1872 -128 ) (32 -1872 -144 ) 
4 164 204 (32 -1872 -128 ) (32 -1552 -128 ) (32 -1552 -144 ) (32 -1872 -144 ) 
4 164 177 (144 -1904 -144 ) (96 -1904 -144 ) (96 -1872 -144 ) (144 -1872 -144 ) 
4 164 178 (96 -1904 -144 ) (32 -1904 -144 ) (32 -1824 -144 ) (96 -1824 -144 ) 
4 164 176 (224 -1824 -144 ) (224 -1904 -144 ) (144 -1904 -144 ) (144 -1824 -144 ) 
4 164 175 (80 -1824 -144 ) (32 -1824 -144 ) (32 -1760 -144 ) (80 -1760 -144 ) 
4 164 174 (224 -1712 -144 ) (224 -1824 -144 ) (80 -1824 -144 ) (80 -1712 -144 ) 
4 164 172 (224 -1600 -144 ) (224 -1712 -144 ) (192 -1712 -144 ) (192 -1600 -144 ) 
4 164 171 (128 -1552 -144 ) (224 -1552 -144 ) (224 -1600 -144 ) (128 -1600 -144 ) 
4 164 173 (32 -1552 -144 ) (128 -1552 -144 ) (128 -1712 -144 ) (32 -1712 -144 ) 
4 164 169 (224 -1792 -144 ) (224 -1744 -144 ) (272 -1744 -144 ) (272 -1792 -144 ) 
4 164 168 (272 -1744 -144 ) (352 -1744 -144 ) (352 -1840 -144 ) (272 -1840 -144 ) 
4 164 170 (352 -1904 -144 ) (224 -1904 -144 ) (224 -1840 -144 ) (352 -1840 -144 ) 
4 164 166 (432 -1744 -144 ) (432 -1792 -144 ) (400 -1792 -144 ) (400 -1744 -144 ) 
4 164 167 (432 -1792 -144 ) (432 -1904 -144 ) (352 -1904 -144 ) (352 -1792 -144 ) 
4 164 165 (224 -1552 -144 ) (432 -1552 -144 ) (432 -1744 -144 ) (224 -1744 -144 ) 
4 165 179 (224 -1744 -160 ) (224 -1552 -160 ) (432 -1552 -160 ) (432 -1744 -160 ) 
4 165 174 (224 -1744 -144 ) (224 -1712 -144 ) (224 -1712 -160 ) (224 -1744 -160 ) 
4 165 172 (224 -1712 -144 ) (224 -1600 -144 ) (224 -1600 -160 ) (224 -1712 -160 ) 
4 165 171 (224 -1600 -144 ) (224 -1552 -144 ) (224 -1552 -160 ) (224 -1600 -160 ) 
4 165 169 (224 -1744 -160 ) (272 -1744 -160 ) (272 -1744 -144 ) (224 -1744 -144 ) 
4 165 168 (272 -1744 -160 ) (352 -1744 -160 ) (352 -1744 -144 ) (272 -1744 -144 ) 
4 165 166 (400 -1744 -160 ) (432 -1744 -160 ) (432 -1744 -144 ) (400 -1744 -144 ) 
4 166 180 (400 -1744 -160 ) (432 -1744 -160 ) (432 -1792 -160 ) (400 -1792 -160 ) 
4 166 167 (400 -1792 -160 ) (432 -1792 -160 ) (432 -1792 -144 ) (400 -1792 -144 ) 
4 167 181 (432 -1904 -160 ) (352 -1904 -160 ) (352 -1792 -160 ) (432 -1792 -160 ) 
4 167 168 (352 -1792 -160 ) (352 -1840 -160 ) (352 -1840 -144 ) (352 -1792 -144 ) 
4 167 170 (352 -1840 -160 ) (352 -1904 -160 ) (352 -1904 -144 ) (352 -1840 -144 ) 
4 168 182 (272 -1744 -160 ) (352 -1744 -160 ) (352 -1840 -160 ) (272 -1840 -160 ) 
4 168 169 (272 -1744 -160 ) (272 -1792 -160 ) (272 -1792 -144 ) (272 -1744 -144 ) 
4 168 170 (272 -1840 -160 ) (352 -1840 -160 ) (352 -1840 -144 ) (272 -1840 -144 ) 
4 169 183 (224 -1792 -160 ) (224 -1744 -160 ) (272 -1744 -160 ) (272 -1792 -160 ) 
4 169 174 (224 -1792 -144 ) (224 -1744 -144 ) (224 -1744 -160 ) (224 -1792 -160 ) 
4 170 184 (352 -1904 -160 ) (224 -1904 -160 ) (224 -1840 -160 ) (352 -1840 -160 ) 
4 170 176 (224 -1904 -160 ) (224 -1904 -144 ) (224 -1840 -144 ) (224 -1840 -160 ) 
4 171 185 (128 -1552 -160 ) (224 -1552 -160 ) (224 -1600 -160 ) (128 -1600 -160 ) 
4 171 172 (192 -1600 -160 ) (224 -1600 -160 ) (224 -1600 -144 ) (192 -1600 -144 ) 
4 171 173 (128 -1600 -144 ) (128 -1552 -144 ) (128 -1552 -160 ) (128 -1600 -160 ) 
4 172 186 (224 -1600 -160 ) (224 -1712 -160 ) (192 -1712 -160 ) (192 -1600 -160 ) 
4 172 174 (192 -1712 -160 ) (224 -1712 -160 ) (224 -1712 -144 ) (192 -1712 -144 ) 
4 173 204 (32 -1712 -144 ) (32 -1552 -144 ) (32 -1552 -160 ) (32 -1712 -160 ) 
4 173 187 (32 -1712 -160 ) (32 -1552 -160 ) (128 -1552 -160 ) (128 -1712 -160 ) 
4 173 174 (80 -1712 -160 ) (128 -1712 -160 ) (128 -1712 -144 ) (80 -1712 -144 ) 
4 174 189 (80 -1712 -160 ) (144 -1712 -160 ) (144 -1824 -160 ) (80 -1824 -160 ) 
4 174 188 (144 -1712 -160 ) (224 -1712 -160 ) (224 -1824 -160 ) (144 -1824 -160 ) 
4 174 178 (96 -1824 -144 ) (80 -1824 -144 ) (80 -1824 -160 ) (96 -1824 -160 ) 
4 174 176 (224 -1824 -144 ) (144 -1824 -144 ) (144 -1824 -160 ) (224 -1824 -160 ) 
4 174 175 (80 -1760 -160 ) (80 -1824 -160 ) (80 -1824 -144 ) (80 -1760 -144 ) 
4 175 204 (32 -1824 -144 ) (32 -1760 -144 ) (32 -1760 -160 ) (32 -1824 -160 ) 
4 175 190 (32 -1824 -160 ) (32 -1760 -160 ) (80 -1760 -160 ) (80 -1824 -160 ) 
4 175 178 (80 -1824 -144 ) (32 -1824 -144 ) (32 -1824 -160 ) (80 -1824 -160 ) 
4 176 188 (224 -1904 -160 ) (144 -1904 -160 ) (144 -1824 -160 ) (224 -1824 -160 ) 
4 176 177 (144 -1872 -160 ) (144 -1904 -160 ) (144 -1904 -144 ) (144 -1872 -144 ) 
4 177 191 (144 -1904 -160 ) (96 -1904 -160 ) (96 -1872 -160 ) (144 -1872 -160 ) 
4 177 178 (96 -1872 -160 ) (96 -1904 -160 ) (96 -1904 -144 ) (96 -1872 -144 ) 
4 178 213 (32 -1904 -160 ) (32 -1904 -144 ) (32 -1872 -144 ) (32 -1872 -160 ) 
4 178 204 (32 -1872 -144 ) (32 -1824 -144 ) (32 -1824 -160 ) (32 -1872 -160 ) 
4 178 192 (96 -1904 -160 ) (32 -1904 -160 ) (32 -1824 -160 ) (96 -1824 -160 ) 
4 179 188 (224 -1712 -176 ) (224 -1744 -176 ) (224 -1744 -160 ) (224 -1712 -160 ) 
4 179 186 (224 -1600 -176 ) (224 -1712 -176 ) (224 -1712 -160 ) (224 -1600 -160 ) 
4 179 185 (224 -1552 -160 ) (224 -1552 -176 ) (224 -1600 -176 ) (224 -1600 -160 ) 
4 179 183 (224 -1744 -176 ) (272 -1744 -176 ) (272 -1744 -160 ) (224 -1744 -160 ) 
4 179 182 (272 -1744 -176 ) (352 -1744 -176 ) (352 -1744 -160 ) (272 -1744 -160 ) 
4 179 180 (400 -1744 -176 ) (432 -1744 -176 ) (432 -1744 -160 ) (400 -1744 -160 ) 
4 180 181 (400 -1792 -176 ) (432 -1792 -176 ) (432 -1792 -160 ) (400 -1792 -160 ) 
4 181 182 (352 -1792 -176 ) (352 -1840 -176 ) (352 -1840 -160 ) (352 -1792 -160 ) 
4 181 184 (352 -1840 -176 ) (352 -1904 -176 ) (352 -1904 -160 ) (352 -1840 -160 ) 
4 182 183 (272 -1744 -176 ) (272 -1792 -176 ) (272 -1792 -160 ) (272 -1744 -160 ) 
4 182 184 (272 -1840 -176 ) (352 -1840 -176 ) (352 -1840 -160 ) (272 -1840 -160 ) 
4 183 188 (224 -1744 -176 ) (224 -1792 -176 ) (224 -1792 -160 ) (224 -1744 -160 ) 
4 184 188 (224 -1840 -176 ) (224 -1904 -176 ) (224 -1904 -160 ) (224 -1840 -160 ) 
4 185 186 (192 -1600 -176 ) (224 -1600 -176 ) (224 -1600 -160 ) (192 -1600 -160 ) 
4 185 187 (128 -1552 -160 ) (128 -1552 -176 ) (128 -1600 -176 ) (128 -1600 -160 ) 
4 186 188 (192 -1712 -176 ) (224 -1712 -176 ) (224 -1712 -160 ) (192 -1712 -160 ) 
4 187 216 (32 -1712 -160 ) (32 -1552 -160 ) (32 -1552 -176 ) (32 -1712 -176 ) 
4 187 189 (80 -1712 -176 ) (128 -1712 -176 ) (128 -1712 -160 ) (80 -1712 -160 ) 
4 188 191 (144 -1872 -176 ) (144 -1904 -176 ) (144 -1904 -160 ) (144 -1872 -160 ) 
4 188 189 (144 -1712 -160 ) (144 -1712 -176 ) (144 -1824 -176 ) (144 -1824 -160 ) 
4 189 192 (80 -1824 -176 ) (96 -1824 -176 ) (96 -1824 -160 ) (80 -1824 -160 ) 
4 189 190 (80 -1760 -176 ) (80 -1824 -176 ) (80 -1824 -160 ) (80 -1760 -160 ) 
4 190 216 (32 -1824 -160 ) (32 -1760 -160 ) (32 -1760 -176 ) (32 -1824 -176 ) 
4 190 192 (32 -1824 -176 ) (80 -1824 -176 ) (80 -1824 -160 ) (32 -1824 -160 ) 
4 191 192 (96 -1872 -176 ) (96 -1904 -176 ) (96 -1904 -160 ) (96 -1872 -160 ) 
4 192 216 (32 -1904 -176 ) (32 -1904 -160 ) (32 -1824 -160 ) (32 -1824 -176 ) 
4 193 372 (-496 -1904 336 ) (-752 -1904 336 ) (-752 -1904 160 ) (-496 -1904 160 ) 
4 193 370 (-368 -1904 336 ) (-496 -1904 336 ) (-496 -1904 160 ) (-368 -1904 160 ) 
4 193 365 (32 -1904 160 ) (32 -1904 336 ) (-368 -1904 336 ) (-368 -1904 160 ) 
4 193 214 (-368 -1904 160 ) (-496 -1904 160 ) (-496 -1872 160 ) (-368 -1872 160 ) 
4 193 215 (-496 -1904 160 ) (-752 -1904 160 ) (-752 -1872 160 ) (-496 -1872 160 ) 
4 193 213 (32 -1904 160 ) (-368 -1904 160 ) (-368 -1872 160 ) (32 -1872 160 ) 
4 193 208 (-752 -1616 160 ) (-752 -1552 160 ) (-464 -1552 160 ) (-464 -1616 160 ) 
4 193 212 (-752 -1872 160 ) (-752 -1616 160 ) (-464 -1616 160 ) (-464 -1872 160 ) 
4 193 207 (-752 -1552 160 ) (-752 -1120 160 ) (-464 -1120 160 ) (-464 -1552 160 ) 
4 193 205 (-464 -1120 160 ) (-400 -1120 160 ) (-400 -1872 160 ) (-464 -1872 160 ) 
4 193 203 (-400 -1120 160 ) (32 -1120 160 ) (32 -1552 160 ) (-400 -1552 160 ) 
4 193 204 (32 -1552 160 ) (32 -1872 160 ) (-400 -1872 160 ) (-400 -1552 160 ) 
4 193 202 (-752 -1120 160 ) (-752 -912 160 ) (-496 -912 160 ) (-496 -1120 160 ) 
4 193 195 (-496 -912 160 ) (-368 -912 160 ) (-368 -992 160 ) (-496 -992 160 ) 
4 193 194 (-368 -912 160 ) (32 -912 160 ) (32 -1120 160 ) (-368 -1120 160 ) 
4 194 203 (32 -1120 -128 ) (32 -1120 160 ) (-368 -1120 160 ) (-368 -1120 -128 ) 
4 194 198 (-368 -928 -128 ) (-368 -992 -128 ) (-368 -992 32 ) (-368 -928 32 ) 
4 194 197 (-368 -912 32 ) (-368 -912 -128 ) (-368 -928 -128 ) (-368 -928 32 ) 
4 194 196 (-368 -912 128 ) (-368 -912 32 ) (-368 -992 32 ) (-368 -992 128 ) 
4 194 195 (-368 -912 160 ) (-368 -912 128 ) (-368 -992 128 ) (-368 -992 160 ) 
4 195 202 (-496 -992 160 ) (-496 -912 160 ) (-496 -912 128 ) (-496 -992 128 ) 
4 195 199 (-496 -992 128 ) (-496 -912 128 ) (-480 -912 128 ) (-480 -992 128 ) 
4 195 196 (-384 -912 128 ) (-368 -912 128 ) (-368 -992 128 ) (-384 -992 128 ) 
4 196 198 (-368 -928 32 ) (-368 -992 32 ) (-384 -992 32 ) (-384 -928 32 ) 
4 196 197 (-384 -912 32 ) (-368 -912 32 ) (-368 -928 32 ) (-384 -928 32 ) 
4 197 198 (-384 -928 -128 ) (-368 -928 -128 ) (-368 -928 32 ) (-384 -928 32 ) 
4 199 202 (-496 -992 128 ) (-496 -912 128 ) (-496 -912 32 ) (-496 -992 32 ) 
4 199 201 (-496 -992 32 ) (-496 -928 32 ) (-480 -928 32 ) (-480 -992 32 ) 
4 199 200 (-496 -928 32 ) (-496 -912 32 ) (-480 -912 32 ) (-480 -928 32 ) 
4 200 202 (-496 -912 32 ) (-496 -912 -128 ) (-496 -928 -128 ) (-496 -928 32 ) 
4 200 201 (-496 -928 -128 ) (-480 -928 -128 ) (-480 -928 32 ) (-496 -928 32 ) 
4 201 202 (-496 -928 -128 ) (-496 -992 -128 ) (-496 -992 32 ) (-496 -928 32 ) 
4 202 207 (-496 -1120 -128 ) (-496 -1120 160 ) (-752 -1120 160 ) (-752 -1120 -128 ) 
4 203 205 (-400 -1120 160 ) (-400 -1120 64 ) (-400 -1552 64 ) (-400 -1552 160 ) 
4 203 204 (32 -1552 -128 ) (32 -1552 160 ) (-400 -1552 160 ) (-400 -1552 -128 ) 
4 204 222 (-368 -1872 -160 ) (-400 -1872 -160 ) (-400 -1776 -160 ) (-368 -1776 -160 ) 
4 204 217 (-400 -1648 -160 ) (-400 -1552 -160 ) (-368 -1552 -160 ) (-368 -1648 -160 ) 
4 204 221 (-400 -1776 -160 ) (-400 -1648 -160 ) (-368 -1648 -160 ) (-368 -1776 -160 ) 
4 204 216 (32 -1552 -160 ) (32 -1872 -160 ) (-368 -1872 -160 ) (-368 -1552 -160 ) 
4 204 214 (-368 -1872 112 ) (-368 -1872 160 ) (-400 -1872 160 ) (-400 -1872 112 ) 
4 204 213 (-368 -1872 -160 ) (32 -1872 -160 ) (32 -1872 160 ) (-368 -1872 160 ) 
4 204 206 (-400 -1648 -160 ) (-400 -1776 -160 ) (-400 -1776 -128 ) (-400 -1648 -128 ) 
4 204 205 (-400 -1872 64 ) (-400 -1872 160 ) (-400 -1552 160 ) (-400 -1552 64 ) 
4 205 214 (-400 -1872 112 ) (-400 -1872 160 ) (-464 -1872 160 ) (-464 -1872 112 ) 
4 205 208 (-464 -1616 160 ) (-464 -1552 160 ) (-464 -1552 64 ) (-464 -1616 64 ) 
4 205 212 (-464 -1872 64 ) (-464 -1872 160 ) (-464 -1616 160 ) (-464 -1616 64 ) 
4 205 207 (-464 -1552 160 ) (-464 -1120 160 ) (-464 -1120 64 ) (-464 -1552 64 ) 
4 206 221 (-400 -1648 -160 ) (-400 -1776 -160 ) (-464 -1776 -160 ) (-464 -1648 -160 ) 
4 206 212 (-464 -1648 -160 ) (-464 -1776 -160 ) (-464 -1776 -128 ) (-464 -1648 -128 ) 
4 207 208 (-752 -1552 160 ) (-752 -1552 -128 ) (-464 -1552 -128 ) (-464 -1552 160 ) 
4 208 210 (-464 -1568 -144 ) (-464 -1616 -144 ) (-480 -1616 -144 ) (-480 -1568 -144 ) 
4 208 209 (-528 -1552 -144 ) (-464 -1552 -144 ) (-464 -1568 -144 ) (-528 -1568 -144 ) 
4 208 211 (-752 -1616 -144 ) (-752 -1552 -144 ) (-528 -1552 -144 ) (-528 -1616 -144 ) 
4 208 212 (-464 -1616 -144 ) (-464 -1616 160 ) (-752 -1616 160 ) (-752 -1616 -144 ) 
4 209 218 (-528 -1552 -160 ) (-464 -1552 -160 ) (-464 -1568 -160 ) (-528 -1568 -160 ) 
4 209 210 (-480 -1568 -160 ) (-464 -1568 -160 ) (-464 -1568 -144 ) (-480 -1568 -144 ) 
4 209 211 (-528 -1552 -144 ) (-528 -1552 -160 ) (-528 -1568 -160 ) (-528 -1568 -144 ) 
4 210 219 (-464 -1568 -160 ) (-464 -1616 -160 ) (-480 -1616 -160 ) (-480 -1568 -160 ) 
4 210 212 (-480 -1616 -160 ) (-464 -1616 -160 ) (-464 -1616 -144 ) (-480 -1616 -144 ) 
4 211 225 (-752 -1616 -160 ) (-752 -1552 -160 ) (-528 -1552 -160 ) (-528 -1616 -160 ) 
4 211 212 (-752 -1616 -160 ) (-528 -1616 -160 ) (-528 -1616 -144 ) (-752 -1616 -144 ) 
4 212 223 (-464 -1776 -160 ) (-464 -1872 -160 ) (-528 -1872 -160 ) (-528 -1776 -160 ) 
4 212 220 (-528 -1616 -160 ) (-464 -1616 -160 ) (-464 -1648 -160 ) (-528 -1648 -160 ) 
4 212 221 (-464 -1648 -160 ) (-464 -1776 -160 ) (-528 -1776 -160 ) (-528 -1648 -160 ) 
4 212 225 (-752 -1872 -160 ) (-752 -1616 -160 ) (-528 -1616 -160 ) (-528 -1872 -160 ) 
4 212 214 (-464 -1872 112 ) (-464 -1872 160 ) (-496 -1872 160 ) (-496 -1872 112 ) 
4 212 215 (-752 -1872 160 ) (-752 -1872 -160 ) (-496 -1872 -160 ) (-496 -1872 160 ) 
4 213 365 (32 -1904 64 ) (32 -1904 160 ) (-368 -1904 160 ) (-368 -1904 64 ) 
4 213 216 (-368 -1872 -160 ) (32 -1872 -160 ) (32 -1904 -160 ) (-368 -1904 -160 ) 
4 213 214 (-368 -1872 160 ) (-368 -1872 112 ) (-368 -1904 112 ) (-368 -1904 160 ) 
4 214 370 (-368 -1904 160 ) (-496 -1904 160 ) (-496 -1904 112 ) (-368 -1904 112 ) 
4 214 215 (-496 -1904 112 ) (-496 -1904 160 ) (-496 -1872 160 ) (-496 -1872 112 ) 
4 215 372 (-496 -1904 160 ) (-752 -1904 160 ) (-752 -1904 -160 ) (-496 -1904 -160 ) 
4 215 224 (-528 -1872 -160 ) (-496 -1872 -160 ) (-496 -1904 -160 ) (-528 -1904 -160 ) 
4 215 225 (-752 -1904 -160 ) (-752 -1872 -160 ) (-528 -1872 -160 ) (-528 -1904 -160 ) 
4 216 226 (-304 -1776 -176 ) (-368 -1776 -176 ) (-368 -1648 -176 ) (-304 -1648 -176 ) 
4 216 222 (-368 -1776 -176 ) (-368 -1872 -176 ) (-368 -1872 -160 ) (-368 -1776 -160 ) 
4 216 217 (-368 -1552 -160 ) (-368 -1552 -176 ) (-368 -1648 -176 ) (-368 -1648 -160 ) 
4 216 221 (-368 -1648 -176 ) (-368 -1776 -176 ) (-368 -1776 -160 ) (-368 -1648 -160 ) 
4 217 221 (-400 -1648 -176 ) (-368 -1648 -176 ) (-368 -1648 -160 ) (-400 -1648 -160 ) 
4 218 219 (-480 -1568 -176 ) (-464 -1568 -176 ) (-464 -1568 -160 ) (-480 -1568 -160 ) 
4 218 225 (-528 -1552 -176 ) (-528 -1568 -176 ) (-528 -1568 -160 ) (-528 -1552 -160 ) 
4 219 220 (-480 -1616 -176 ) (-464 -1616 -176 ) (-464 -1616 -160 ) (-480 -1616 -160 ) 
4 220 225 (-528 -1616 -176 ) (-528 -1648 -176 ) (-528 -1648 -160 ) (-528 -1616 -160 ) 
4 220 221 (-528 -1648 -160 ) (-528 -1648 -176 ) (-464 -1648 -176 ) (-464 -1648 -160 ) 
4 221 226 (-368 -1648 -176 ) (-368 -1776 -176 ) (-528 -1776 -176 ) (-528 -1648 -176 ) 
4 221 223 (-528 -1776 -176 ) (-464 -1776 -176 ) (-464 -1776 -160 ) (-528 -1776 -160 ) 
4 221 222 (-400 -1776 -176 ) (-368 -1776 -176 ) (-368 -1776 -160 ) (-400 -1776 -160 ) 
4 221 225 (-528 -1648 -176 ) (-528 -1776 -176 ) (-528 -1776 -160 ) (-528 -1648 -160 ) 
4 223 224 (-528 -1872 -176 ) (-496 -1872 -176 ) (-496 -1872 -160 ) (-528 -1872 -160 ) 
4 223 225 (-528 -1776 -176 ) (-528 -1872 -176 ) (-528 -1872 -160 ) (-528 -1776 -160 ) 
4 224 374 (-496 -1904 -160 ) (-528 -1904 -160 ) (-528 -1904 -176 ) (-496 -1904 -176 ) 
4 224 225 (-528 -1872 -176 ) (-528 -1904 -176 ) (-528 -1904 -160 ) (-528 -1872 -160 ) 
4 225 374 (-528 -1904 -160 ) (-752 -1904 -160 ) (-752 -1904 -176 ) (-528 -1904 -176 ) 
4 225 226 (-544 -1648 -176 ) (-528 -1648 -176 ) (-528 -1776 -176 ) (-544 -1776 -176 ) 
4 227 251 (2016 -1904 256 ) (2016 -1904 0 ) (2016 -2272 0 ) (2016 -2272 256 ) 
4 227 237 (2016 -2272 256 ) (2016 -2272 0 ) (2160 -2272 0 ) (2160 -2272 256 ) 
4 227 235 (2384 -2272 0 ) (2336 -2272 0 ) (2336 -2224 0 ) (2384 -2224 0 ) 
4 227 234 (2288 -2224 0 ) (2288 -2048 0 ) (2384 -2048 0 ) (2384 -2224 0 ) 
4 227 236 (2288 -2272 0 ) (2016 -2272 0 ) (2016 -2048 0 ) (2288 -2048 0 ) 
4 227 232 (2096 -2032 0 ) (2096 -2048 0 ) (2048 -2048 0 ) (2048 -2032 0 ) 
4 227 233 (2016 -2048 0 ) (2016 -1984 0 ) (2048 -1984 0 ) (2048 -2048 0 ) 
4 227 231 (2016 -1984 0 ) (2016 -1904 0 ) (2096 -1904 0 ) (2096 -1984 0 ) 
4 227 229 (2384 -2000 0 ) (2384 -2048 0 ) (2368 -2048 0 ) (2368 -2000 0 ) 
4 227 228 (2320 -1904 0 ) (2384 -1904 0 ) (2384 -2000 0 ) (2320 -2000 0 ) 
4 227 230 (2096 -1904 0 ) (2320 -1904 0 ) (2320 -2048 0 ) (2096 -2048 0 ) 
4 228 238 (2320 -1904 -16 ) (2384 -1904 -16 ) (2384 -2000 -16 ) (2320 -2000 -16 ) 
4 228 229 (2368 -2000 -16 ) (2384 -2000 -16 ) (2384 -2000 0 ) (2368 -2000 0 ) 
4 228 230 (2320 -1904 -16 ) (2320 -2000 -16 ) (2320 -2000 0 ) (2320 -1904 0 ) 
4 229 239 (2384 -2000 -16 ) (2384 -2048 -16 ) (2368 -2048 -16 ) (2368 -2000 -16 ) 
4 229 234 (2368 -2048 -16 ) (2384 -2048 -16 ) (2384 -2048 0 ) (2368 -2048 0 ) 
4 230 240 (2096 -1904 -16 ) (2320 -1904 -16 ) (2320 -2048 -16 ) (2096 -2048 -16 ) 
4 230 234 (2288 -2048 -16 ) (2320 -2048 -16 ) (2320 -2048 0 ) (2288 -2048 0 ) 
4 230 236 (2096 -2048 -16 ) (2288 -2048 -16 ) (2288 -2048 0 ) (2096 -2048 0 ) 
4 230 232 (2096 -2032 -16 ) (2096 -2048 -16 ) (2096 -2048 0 ) (2096 -2032 0 ) 
4 230 231 (2096 -1904 0 ) (2096 -1904 -16 ) (2096 -1984 -16 ) (2096 -1984 0 ) 
4 231 252 (2016 -1904 0 ) (2016 -1904 -16 ) (2016 -1984 -16 ) (2016 -1984 0 ) 
4 231 241 (2016 -1984 -16 ) (2016 -1904 -16 ) (2096 -1904 -16 ) (2096 -1984 -16 ) 
4 231 233 (2016 -1984 -16 ) (2048 -1984 -16 ) (2048 -1984 0 ) (2016 -1984 0 ) 
4 232 242 (2096 -2032 -16 ) (2096 -2048 -16 ) (2048 -2048 -16 ) (2048 -2032 -16 ) 
4 232 236 (2048 -2048 -16 ) (2096 -2048 -16 ) (2096 -2048 0 ) (2048 -2048 0 ) 
4 232 233 (2048 -2032 -16 ) (2048 -2048 -16 ) (2048 -2048 0 ) (2048 -2032 0 ) 
4 233 252 (2016 -1984 -16 ) (2016 -2048 -16 ) (2016 -2048 0 ) (2016 -1984 0 ) 
4 233 243 (2016 -2048 -16 ) (2016 -1984 -16 ) (2048 -1984 -16 ) (2048 -2048 -16 ) 
4 233 236 (2016 -2048 -16 ) (2048 -2048 -16 ) (2048 -2048 0 ) (2016 -2048 0 ) 
4 234 244 (2288 -2048 -16 ) (2384 -2048 -16 ) (2384 -2224 -16 ) (2288 -2224 -16 ) 
4 234 235 (2336 -2224 -16 ) (2384 -2224 -16 ) (2384 -2224 0 ) (2336 -2224 0 ) 
4 234 236 (2288 -2048 0 ) (2288 -2048 -16 ) (2288 -2224 -16 ) (2288 -2224 0 ) 
4 235 245 (2384 -2224 -16 ) (2384 -2272 -16 ) (2336 -2272 -16 ) (2336 -2224 -16 ) 
4 236 253 (2016 -2064 -16 ) (2016 -2272 -16 ) (2016 -2272 0 ) (2016 -2064 0 ) 
4 236 252 (2016 -2048 -16 ) (2016 -2064 -16 ) (2016 -2064 0 ) (2016 -2048 0 ) 
4 236 246 (2016 -2272 -16 ) (2016 -2048 -16 ) (2288 -2048 -16 ) (2288 -2272 -16 ) 
4 236 237 (2016 -2272 0 ) (2016 -2272 -16 ) (2160 -2272 -16 ) (2160 -2272 0 ) 
4 237 248 (2016 -2304 256 ) (2016 -2304 0 ) (2160 -2304 0 ) (2160 -2304 256 ) 
4 237 247 (2016 -2304 -16 ) (2016 -2272 -16 ) (2160 -2272 -16 ) (2160 -2304 -16 ) 
4 238 239 (2368 -2000 -80 ) (2384 -2000 -80 ) (2384 -2000 -16 ) (2368 -2000 -16 ) 
4 238 240 (2320 -1904 -16 ) (2320 -1904 -80 ) (2320 -2000 -80 ) (2320 -2000 -16 ) 
4 239 244 (2368 -2048 -80 ) (2384 -2048 -80 ) (2384 -2048 -16 ) (2368 -2048 -16 ) 
4 240 244 (2288 -2048 -80 ) (2320 -2048 -80 ) (2320 -2048 -16 ) (2288 -2048 -16 ) 
4 240 246 (2096 -2048 -80 ) (2288 -2048 -80 ) (2288 -2048 -16 ) (2096 -2048 -16 ) 
4 240 242 (2096 -2032 -80 ) (2096 -2048 -80 ) (2096 -2048 -16 ) (2096 -2032 -16 ) 
4 240 241 (2096 -1904 -80 ) (2096 -1984 -80 ) (2096 -1984 -16 ) (2096 -1904 -16 ) 
4 241 269 (2016 -1952 -80 ) (2016 -1984 -80 ) (2016 -1984 -16 ) (2016 -1952 -16 ) 
4 241 268 (2016 -1904 -16 ) (2016 -1904 -80 ) (2016 -1952 -80 ) (2016 -1952 -16 ) 
4 241 243 (2016 -1984 -16 ) (2016 -1984 -80 ) (2048 -1984 -80 ) (2048 -1984 -16 ) 
4 242 246 (2048 -2048 -80 ) (2096 -2048 -80 ) (2096 -2048 -16 ) (2048 -2048 -16 ) 
4 242 243 (2048 -2032 -80 ) (2048 -2048 -80 ) (2048 -2048 -16 ) (2048 -2032 -16 ) 
4 243 269 (2016 -1984 -80 ) (2016 -2048 -80 ) (2016 -2048 -16 ) (2016 -1984 -16 ) 
4 243 246 (2016 -2048 -16 ) (2016 -2048 -80 ) (2048 -2048 -80 ) (2048 -2048 -16 ) 
4 244 245 (2336 -2224 -80 ) (2384 -2224 -80 ) (2384 -2224 -16 ) (2336 -2224 -16 ) 
4 244 246 (2288 -2048 -16 ) (2288 -2048 -80 ) (2288 -2224 -80 ) (2288 -2224 -16 ) 
4 246 271 (2016 -2208 -80 ) (2016 -2272 -80 ) (2016 -2272 -16 ) (2016 -2208 -16 ) 
4 246 270 (2016 -2064 -80 ) (2016 -2208 -80 ) (2016 -2208 -16 ) (2016 -2064 -16 ) 
4 246 269 (2016 -2048 -80 ) (2016 -2064 -80 ) (2016 -2064 -16 ) (2016 -2048 -16 ) 
4 246 247 (2160 -2272 -16 ) (2016 -2272 -16 ) (2016 -2272 -80 ) (2160 -2272 -80 ) 
4 248 267 (2016 -2432 0 ) (2016 -2432 256 ) (2016 -2352 256 ) (2016 -2352 0 ) 
4 248 250 (2160 -2432 256 ) (2016 -2432 256 ) (2016 -2432 112 ) (2160 -2432 112 ) 
4 249 309 (2768 -2976 240 ) (2768 -2976 400 ) (2576 -2976 400 ) (2576 -2976 240 ) 
4 250 283 (2016 -2736 112 ) (2016 -2736 256 ) (2016 -2528 256 ) (2016 -2528 112 ) 
4 250 281 (2016 -2528 256 ) (2016 -2432 256 ) (2016 -2432 112 ) (2016 -2528 112 ) 
4 251 360 (1296 -2272 16 ) (1296 -2272 112 ) (1296 -2208 112 ) (1296 -2208 16 ) 
4 251 265 (1664 -2272 256 ) (1520 -2272 256 ) (1520 -2272 0 ) (1664 -2272 0 ) 
4 251 263 (1936 -2272 256 ) (1744 -2272 256 ) (1744 -2272 0 ) (1936 -2272 0 ) 
4 251 262 (1344 -2224 0 ) (1520 -2224 0 ) (1520 -2272 0 ) (1344 -2272 0 ) 
4 251 261 (1296 -2224 0 ) (1296 -2016 0 ) (1520 -2016 0 ) (1520 -2224 0 ) 
4 251 260 (1296 -2016 0 ) (1296 -1952 0 ) (1328 -1952 0 ) (1328 -2016 0 ) 
4 251 259 (1296 -1952 0 ) (1296 -1904 0 ) (1392 -1904 0 ) (1392 -1952 0 ) 
4 251 258 (1392 -1904 0 ) (1520 -1904 0 ) (1520 -2016 0 ) (1392 -2016 0 ) 
4 251 256 (1520 -1904 0 ) (1744 -1904 0 ) (1744 -2000 0 ) (1520 -2000 0 ) 
4 251 257 (1744 -2064 0 ) (1744 -2272 0 ) (1520 -2272 0 ) (1520 -2064 0 ) 
4 251 254 (1744 -2208 0 ) (1744 -2064 0 ) (1840 -2064 0 ) (1840 -2208 0 ) 
4 251 255 (1904 -2272 0 ) (1744 -2272 0 ) (1744 -2208 0 ) (1904 -2208 0 ) 
4 251 253 (2016 -2064 0 ) (2016 -2272 0 ) (1904 -2272 0 ) (1904 -2064 0 ) 
4 251 252 (1744 -1904 0 ) (2016 -1904 0 ) (2016 -2064 0 ) (1744 -2064 0 ) 
4 252 273 (1840 -2064 -16 ) (1744 -2064 -16 ) (1744 -1952 -16 ) (1840 -1952 -16 ) 
4 252 269 (2016 -1952 -16 ) (2016 -2064 -16 ) (1840 -2064 -16 ) (1840 -1952 -16 ) 
4 252 268 (1744 -1904 -16 ) (2016 -1904 -16 ) (2016 -1952 -16 ) (1744 -1952 -16 ) 
4 252 256 (1744 -2000 0 ) (1744 -1904 0 ) (1744 -1904 -16 ) (1744 -2000 -16 ) 
4 252 254 (1744 -2064 -16 ) (1840 -2064 -16 ) (1840 -2064 0 ) (1744 -2064 0 ) 
4 252 253 (1904 -2064 -16 ) (2016 -2064 -16 ) (2016 -2064 0 ) (1904 -2064 0 ) 
4 253 271 (2016 -2208 -16 ) (2016 -2272 -16 ) (1936 -2272 -16 ) (1936 -2208 -16 ) 
4 253 272 (1936 -2272 -16 ) (1904 -2272 -16 ) (1904 -2208 -16 ) (1936 -2208 -16 ) 
4 253 270 (2016 -2064 -16 ) (2016 -2208 -16 ) (1904 -2208 -16 ) (1904 -2064 -16 ) 
4 253 264 (1936 -2272 0 ) (1904 -2272 0 ) (1904 -2272 -16 ) (1936 -2272 -16 ) 
4 253 255 (1904 -2208 -16 ) (1904 -2272 -16 ) (1904 -2272 0 ) (1904 -2208 0 ) 
4 254 273 (1744 -2208 -16 ) (1744 -2064 -16 ) (1840 -2064 -16 ) (1840 -2208 -16 ) 
4 254 257 (1744 -2208 0 ) (1744 -2064 0 ) (1744 -2064 -16 ) (1744 -2208 -16 ) 
4 254 255 (1744 -2208 -16 ) (1840 -2208 -16 ) (1840 -2208 0 ) (1744 -2208 0 ) 
4 255 273 (1840 -2272 -16 ) (1744 -2272 -16 ) (1744 -2208 -16 ) (1840 -2208 -16 ) 
4 255 272 (1904 -2272 -16 ) (1840 -2272 -16 ) (1840 -2208 -16 ) (1904 -2208 -16 ) 
4 255 264 (1904 -2272 0 ) (1744 -2272 0 ) (1744 -2272 -16 ) (1904 -2272 -16 ) 
4 255 257 (1744 -2272 -16 ) (1744 -2272 0 ) (1744 -2208 0 ) (1744 -2208 -16 ) 
4 256 274 (1744 -1952 -16 ) (1744 -2000 -16 ) (1520 -2000 -16 ) (1520 -1952 -16 ) 
4 256 268 (1520 -1904 -16 ) (1744 -1904 -16 ) (1744 -1952 -16 ) (1520 -1952 -16 ) 
4 256 258 (1520 -1904 0 ) (1520 -1904 -16 ) (1520 -2000 -16 ) (1520 -2000 0 ) 
4 257 275 (1744 -2064 -16 ) (1744 -2272 -16 ) (1664 -2272 -16 ) (1664 -2064 -16 ) 
4 257 276 (1664 -2272 -16 ) (1520 -2272 -16 ) (1520 -2064 -16 ) (1664 -2064 -16 ) 
4 257 266 (1664 -2272 0 ) (1520 -2272 0 ) (1520 -2272 -16 ) (1664 -2272 -16 ) 
4 257 262 (1520 -2224 -16 ) (1520 -2272 -16 ) (1520 -2272 0 ) (1520 -2224 0 ) 
4 257 261 (1520 -2064 -16 ) (1520 -2224 -16 ) (1520 -2224 0 ) (1520 -2064 0 ) 
4 258 277 (1520 -1952 -16 ) (1520 -2016 -16 ) (1392 -2016 -16 ) (1392 -1952 -16 ) 
4 258 268 (1392 -1904 -16 ) (1520 -1904 -16 ) (1520 -1952 -16 ) (1392 -1952 -16 ) 
4 258 261 (1520 -2016 -16 ) (1520 -2016 0 ) (1392 -2016 0 ) (1392 -2016 -16 ) 
4 258 259 (1392 -1904 0 ) (1392 -1904 -16 ) (1392 -1952 -16 ) (1392 -1952 0 ) 
4 259 268 (1296 -1952 -16 ) (1296 -1904 -16 ) (1392 -1904 -16 ) (1392 -1952 -16 ) 
4 259 260 (1328 -1952 0 ) (1296 -1952 0 ) (1296 -1952 -16 ) (1328 -1952 -16 ) 
4 260 278 (1296 -2016 -16 ) (1296 -1952 -16 ) (1328 -1952 -16 ) (1328 -2016 -16 ) 
4 260 261 (1328 -2016 0 ) (1296 -2016 0 ) (1296 -2016 -16 ) (1328 -2016 -16 ) 
4 261 280 (1296 -2224 -16 ) (1296 -2016 -16 ) (1344 -2016 -16 ) (1344 -2224 -16 ) 
4 261 279 (1344 -2016 -16 ) (1520 -2016 -16 ) (1520 -2224 -16 ) (1344 -2224 -16 ) 
4 261 262 (1344 -2224 -16 ) (1520 -2224 -16 ) (1520 -2224 0 ) (1344 -2224 0 ) 
4 262 279 (1344 -2224 -16 ) (1520 -2224 -16 ) (1520 -2272 -16 ) (1344 -2272 -16 ) 
4 263 267 (1936 -2352 0 ) (1936 -2352 256 ) (1744 -2352 256 ) (1744 -2352 0 ) 
4 263 264 (1744 -2304 0 ) (1744 -2272 0 ) (1936 -2272 0 ) (1936 -2304 0 ) 
4 264 273 (1744 -2272 -16 ) (1840 -2272 -16 ) (1840 -2304 -16 ) (1744 -2304 -16 ) 
4 264 272 (1840 -2272 -16 ) (1936 -2272 -16 ) (1936 -2304 -16 ) (1840 -2304 -16 ) 
4 265 267 (1520 -2352 256 ) (1520 -2352 0 ) (1664 -2352 0 ) (1664 -2352 256 ) 
4 265 266 (1520 -2304 0 ) (1520 -2272 0 ) (1664 -2272 0 ) (1664 -2304 0 ) 
4 266 276 (1520 -2272 -16 ) (1664 -2272 -16 ) (1664 -2304 -16 ) (1520 -2304 -16 ) 
4 267 282 (1888 -2432 112 ) (1520 -2432 112 ) (1520 -2432 0 ) (1632 -2432 0 ) 
4 267 281 (2016 -2432 112 ) (2016 -2432 256 ) (1520 -2432 256 ) (1520 -2432 112 ) 
4 268 278 (1328 -1952 -16 ) (1296 -1952 -16 ) (1296 -1952 -80 ) (1328 -1952 -80 ) 
4 268 277 (1520 -1952 -16 ) (1392 -1952 -16 ) (1392 -1952 -80 ) (1520 -1952 -80 ) 
4 268 274 (1744 -1952 -16 ) (1520 -1952 -16 ) (1520 -1952 -80 ) (1744 -1952 -80 ) 
4 268 273 (1840 -1952 -16 ) (1744 -1952 -16 ) (1744 -1952 -80 ) (1840 -1952 -80 ) 
4 268 269 (2016 -1952 -80 ) (2016 -1952 -16 ) (1840 -1952 -16 ) (1840 -1952 -80 ) 
4 269 273 (1840 -1952 -16 ) (1840 -1952 -80 ) (1840 -2064 -80 ) (1840 -2064 -16 ) 
4 269 270 (2016 -2064 -80 ) (2016 -2064 -16 ) (1904 -2064 -16 ) (1904 -2064 -80 ) 
4 270 271 (2016 -2208 -80 ) (2016 -2208 -16 ) (1936 -2208 -16 ) (1936 -2208 -80 ) 
4 270 272 (1936 -2208 -16 ) (1904 -2208 -16 ) (1904 -2208 -80 ) (1936 -2208 -80 ) 
4 271 272 (1936 -2208 -16 ) (1936 -2208 -80 ) (1936 -2272 -80 ) (1936 -2272 -16 ) 
4 272 273 (1840 -2304 -80 ) (1840 -2304 -16 ) (1840 -2208 -16 ) (1840 -2208 -80 ) 
4 273 275 (1744 -2064 -80 ) (1744 -2272 -80 ) (1744 -2272 -16 ) (1744 -2064 -16 ) 
4 273 274 (1744 -1952 -16 ) (1744 -1952 -80 ) (1744 -2000 -80 ) (1744 -2000 -16 ) 
4 274 277 (1520 -2000 -16 ) (1520 -1952 -16 ) (1520 -1952 -80 ) (1520 -2000 -80 ) 
4 275 276 (1664 -2064 -16 ) (1664 -2064 -80 ) (1664 -2272 -80 ) (1664 -2272 -16 ) 
4 276 279 (1520 -2272 -16 ) (1520 -2064 -16 ) (1520 -2064 -80 ) (1520 -2272 -80 ) 
4 277 279 (1520 -2016 -80 ) (1520 -2016 -16 ) (1392 -2016 -16 ) (1392 -2016 -80 ) 
4 278 280 (1296 -2016 -16 ) (1296 -2016 -80 ) (1328 -2016 -80 ) (1328 -2016 -16 ) 
4 279 280 (1344 -2016 -16 ) (1344 -2016 -80 ) (1344 -2224 -80 ) (1344 -2224 -16 ) 
4 281 283 (1520 -2528 256 ) (1520 -2528 112 ) (2016 -2528 112 ) (2016 -2528 256 ) 
4 281 282 (1520 -2528 112 ) (1520 -2432 112 ) (1888 -2432 112 ) (1888 -2528 112 ) 
4 283 284 (1888 -2736 224 ) (1792 -2736 224 ) (1792 -2736 112 ) (1888 -2736 112 ) 
4 284 285 (1792 -2768 112 ) (1888 -2768 112 ) (1888 -2768 224 ) (1792 -2768 224 ) 
4 285 349 (1904 -2976 256 ) (1776 -2976 256 ) (1776 -2976 112 ) (1904 -2976 112 ) 
4 286 364 (1296 -2736 112 ) (1296 -2736 256 ) (1296 -2432 256 ) (1296 -2432 112 ) 
4 286 287 (1360 -2736 224 ) (1296 -2736 224 ) (1296 -2736 112 ) (1360 -2736 112 ) 
4 287 368 (1296 -2768 112 ) (1296 -2768 224 ) (1296 -2736 224 ) (1296 -2736 112 ) 
4 287 288 (1296 -2768 224 ) (1296 -2768 112 ) (1360 -2768 112 ) (1360 -2768 224 ) 
4 288 369 (1296 -2976 112 ) (1296 -2976 256 ) (1296 -2768 256 ) (1296 -2768 112 ) 
4 288 351 (1376 -2976 256 ) (1296 -2976 256 ) (1296 -2976 112 ) (1376 -2976 112 ) 
4 289 308 (2864 -3248 272 ) (2864 -3248 400 ) (2864 -3024 400 ) (2864 -3024 272 ) 
4 289 296 (2864 -3248 400 ) (2864 -3248 272 ) (2976 -3248 272 ) (2976 -3248 400 ) 
4 289 295 (3088 -3248 272 ) (3264 -3248 272 ) (3264 -3248 400 ) (3088 -3248 400 ) 
4 289 292 (3040 -3248 272 ) (2864 -3248 272 ) (2864 -3152 272 ) (3040 -3152 272 ) 
4 289 291 (2864 -3152 272 ) (2864 -3024 272 ) (3056 -3024 272 ) (3056 -3152 272 ) 
4 289 290 (3280 -3248 272 ) (3056 -3248 272 ) (3056 -3024 272 ) (3280 -3024 272 ) 
4 290 295 (3088 -3248 240 ) (3264 -3248 240 ) (3264 -3248 272 ) (3088 -3248 272 ) 
4 290 291 (3056 -3152 272 ) (3056 -3024 272 ) (3056 -3024 240 ) (3056 -3152 240 ) 
4 291 308 (2864 -3152 272 ) (2864 -3024 272 ) (2864 -3024 240 ) (2864 -3152 240 ) 
4 291 293 (2864 -3152 240 ) (2864 -3024 240 ) (3040 -3024 240 ) (3040 -3152 240 ) 
4 291 292 (2864 -3152 272 ) (2864 -3152 240 ) (3040 -3152 240 ) (3040 -3152 272 ) 
4 292 308 (2864 -3248 240 ) (2864 -3248 272 ) (2864 -3152 272 ) (2864 -3152 240 ) 
4 292 296 (2864 -3248 272 ) (2864 -3248 240 ) (2976 -3248 240 ) (2976 -3248 272 ) 
4 292 293 (3040 -3248 240 ) (2864 -3248 240 ) (2864 -3152 240 ) (3040 -3152 240 ) 
4 293 310 (2864 -3248 112 ) (2864 -3248 240 ) (2864 -3024 240 ) (2864 -3024 112 ) 
4 293 296 (2864 -3248 240 ) (2864 -3248 112 ) (2976 -3248 112 ) (2976 -3248 240 ) 
4 294 297 (3360 -3552 368 ) (3360 -3552 400 ) (3360 -3360 400 ) (3360 -3360 368 ) 
4 294 298 (3360 -3552 240 ) (3360 -3552 368 ) (3360 -3360 368 ) (3360 -3360 240 ) 
4 295 299 (3264 -3360 240 ) (3264 -3360 400 ) (3088 -3360 400 ) (3088 -3360 240 ) 
4 296 320 (2864 -3360 112 ) (2864 -3360 128 ) (2864 -3248 128 ) (2864 -3248 112 ) 
4 296 319 (2864 -3360 128 ) (2864 -3360 400 ) (2864 -3248 400 ) (2864 -3248 128 ) 
4 296 300 (2864 -3360 240 ) (2864 -3360 112 ) (2976 -3360 112 ) (2976 -3360 240 ) 
4 296 299 (2864 -3360 400 ) (2864 -3360 240 ) (2976 -3360 240 ) (2976 -3360 400 ) 
4 297 298 (3360 -3552 368 ) (3328 -3552 368 ) (3328 -3360 368 ) (3360 -3360 368 ) 
4 298 299 (3280 -3552 240 ) (3280 -3552 368 ) (3280 -3360 368 ) (3280 -3360 240 ) 
4 299 319 (2864 -3552 240 ) (2864 -3552 400 ) (2864 -3360 400 ) (2864 -3360 240 ) 
4 299 303 (2864 -3552 400 ) (2864 -3552 240 ) (2976 -3552 240 ) (2976 -3552 400 ) 
4 299 301 (3088 -3552 240 ) (3264 -3552 240 ) (3264 -3552 400 ) (3088 -3552 400 ) 
4 299 300 (3040 -3552 240 ) (2864 -3552 240 ) (2864 -3360 240 ) (3040 -3360 240 ) 
4 300 320 (2864 -3552 112 ) (2864 -3552 128 ) (2864 -3360 128 ) (2864 -3360 112 ) 
4 300 319 (2864 -3552 128 ) (2864 -3552 240 ) (2864 -3360 240 ) (2864 -3360 128 ) 
4 300 303 (2976 -3552 240 ) (2864 -3552 240 ) (2864 -3552 112 ) (2976 -3552 112 ) 
4 301 302 (3264 -3664 240 ) (3264 -3664 400 ) (3088 -3664 400 ) (3088 -3664 240 ) 
4 302 306 (3088 -3888 240 ) (3088 -3888 272 ) (3088 -3760 272 ) (3088 -3760 240 ) 
4 302 305 (3088 -3760 272 ) (3088 -3664 272 ) (3088 -3664 240 ) (3088 -3760 240 ) 
4 302 304 (3088 -3888 272 ) (3088 -3888 400 ) (3088 -3664 400 ) (3088 -3664 272 ) 
4 303 329 (2864 -3664 112 ) (2864 -3664 144 ) (2864 -3632 144 ) (2864 -3632 112 ) 
4 303 328 (2864 -3664 144 ) (2864 -3664 400 ) (2864 -3632 400 ) (2864 -3632 144 ) 
4 303 320 (2864 -3552 128 ) (2864 -3552 112 ) (2864 -3632 112 ) (2864 -3632 128 ) 
4 303 319 (2864 -3632 400 ) (2864 -3552 400 ) (2864 -3552 128 ) (2864 -3632 128 ) 
4 303 307 (2864 -3664 272 ) (2864 -3664 112 ) (2976 -3664 112 ) (2976 -3664 272 ) 
4 303 304 (2864 -3664 400 ) (2864 -3664 272 ) (2976 -3664 272 ) (2976 -3664 400 ) 
4 304 328 (2864 -3888 272 ) (2864 -3888 400 ) (2864 -3664 400 ) (2864 -3664 272 ) 
4 304 307 (2864 -3664 272 ) (3040 -3664 272 ) (3040 -3888 272 ) (2864 -3888 272 ) 
4 304 306 (3088 -3760 272 ) (3088 -3888 272 ) (3040 -3888 272 ) (3040 -3760 272 ) 
4 304 305 (3056 -3664 272 ) (3088 -3664 272 ) (3088 -3760 272 ) (3056 -3760 272 ) 
4 305 306 (3088 -3760 240 ) (3088 -3760 272 ) (3056 -3760 272 ) (3056 -3760 240 ) 
4 306 307 (3040 -3888 240 ) (3040 -3888 272 ) (3040 -3760 272 ) (3040 -3760 240 ) 
4 307 329 (2864 -3856 144 ) (2864 -3664 144 ) (2864 -3664 112 ) (2864 -3856 112 ) 
4 307 328 (2864 -3888 144 ) (2864 -3888 272 ) (2864 -3664 272 ) (2864 -3664 144 ) 
4 308 321 (2816 -3248 400 ) (2768 -3248 400 ) (2768 -3248 240 ) (2816 -3248 240 ) 
4 308 319 (2864 -3248 240 ) (2864 -3248 400 ) (2816 -3248 400 ) (2816 -3248 240 ) 
4 308 310 (2864 -3248 240 ) (2768 -3248 240 ) (2768 -3024 240 ) (2864 -3024 240 ) 
4 308 309 (2768 -3248 240 ) (2768 -3248 400 ) (2768 -3024 400 ) (2768 -3024 240 ) 
4 309 321 (2768 -3248 400 ) (2576 -3248 400 ) (2576 -3248 240 ) (2768 -3248 240 ) 
4 309 312 (2576 -3248 400 ) (2576 -3024 400 ) (2576 -3024 240 ) (2576 -3248 240 ) 
4 309 311 (2768 -3248 240 ) (2576 -3248 240 ) (2576 -3120 240 ) (2768 -3120 240 ) 
4 310 322 (2816 -3248 128 ) (2816 -3248 144 ) (2768 -3248 144 ) (2768 -3248 128 ) 
4 310 321 (2816 -3248 144 ) (2816 -3248 240 ) (2768 -3248 240 ) (2768 -3248 144 ) 
4 310 320 (2832 -3248 112 ) (2864 -3248 112 ) (2864 -3248 128 ) (2832 -3248 128 ) 
4 310 319 (2864 -3248 128 ) (2864 -3248 240 ) (2816 -3248 240 ) (2816 -3248 128 ) 
4 310 311 (2768 -3248 240 ) (2768 -3120 240 ) (2768 -3120 112 ) (2768 -3248 112 ) 
4 311 322 (2768 -3248 128 ) (2768 -3248 144 ) (2576 -3248 144 ) (2576 -3248 128 ) 
4 311 321 (2768 -3248 144 ) (2768 -3248 240 ) (2576 -3248 240 ) (2576 -3248 144 ) 
4 311 318 (2576 -3120 112 ) (2576 -3248 112 ) (2576 -3248 208 ) (2576 -3120 208 ) 
4 311 312 (2576 -3248 208 ) (2576 -3248 240 ) (2576 -3120 240 ) (2576 -3120 208 ) 
4 312 342 (2336 -3024 208 ) (2336 -3248 208 ) (2336 -3248 400 ) (2336 -3024 400 ) 
4 312 326 (2336 -3248 400 ) (2336 -3248 208 ) (2496 -3248 208 ) (2496 -3248 400 ) 
4 312 321 (2496 -3248 208 ) (2576 -3248 208 ) (2576 -3248 400 ) (2496 -3248 400 ) 
4 312 314 (2544 -3088 208 ) (2336 -3088 208 ) (2336 -3024 208 ) (2544 -3024 208 ) 
4 312 313 (2576 -3056 208 ) (2576 -3088 208 ) (2544 -3088 208 ) (2544 -3056 208 ) 
4 312 318 (2576 -3088 208 ) (2576 -3248 208 ) (2336 -3248 208 ) (2336 -3088 208 ) 
4 313 314 (2544 -3088 176 ) (2544 -3088 208 ) (2544 -3056 208 ) (2544 -3056 176 ) 
4 313 318 (2576 -3088 208 ) (2544 -3088 208 ) (2544 -3088 176 ) (2576 -3088 176 ) 
4 314 342 (2336 -3024 176 ) (2336 -3088 176 ) (2336 -3088 208 ) (2336 -3024 208 ) 
4 314 315 (2336 -3056 176 ) (2336 -3024 176 ) (2512 -3024 176 ) (2512 -3056 176 ) 
4 314 317 (2512 -3088 176 ) (2336 -3088 176 ) (2336 -3056 176 ) (2512 -3056 176 ) 
4 314 318 (2544 -3088 208 ) (2336 -3088 208 ) (2336 -3088 176 ) (2544 -3088 176 ) 
4 315 342 (2336 -3024 144 ) (2336 -3056 144 ) (2336 -3056 176 ) (2336 -3024 176 ) 
4 315 316 (2336 -3056 144 ) (2336 -3024 144 ) (2480 -3024 144 ) (2480 -3056 144 ) 
4 315 317 (2336 -3056 176 ) (2336 -3056 144 ) (2512 -3056 144 ) (2512 -3056 176 ) 
4 316 342 (2336 -3024 112 ) (2336 -3056 112 ) (2336 -3056 144 ) (2336 -3024 144 ) 
4 316 317 (2336 -3056 144 ) (2336 -3056 112 ) (2480 -3056 112 ) (2480 -3056 144 ) 
4 317 342 (2336 -3056 112 ) (2336 -3088 112 ) (2336 -3088 176 ) (2336 -3056 176 ) 
4 317 318 (2336 -3088 176 ) (2336 -3088 112 ) (2512 -3088 112 ) (2512 -3088 176 ) 
4 318 342 (2336 -3088 112 ) (2336 -3248 112 ) (2336 -3248 208 ) (2336 -3088 208 ) 
4 318 327 (2336 -3248 128 ) (2336 -3248 112 ) (2480 -3248 112 ) (2480 -3248 128 ) 
4 318 326 (2336 -3248 208 ) (2336 -3248 128 ) (2496 -3248 128 ) (2496 -3248 208 ) 
4 318 322 (2576 -3248 128 ) (2576 -3248 144 ) (2496 -3248 144 ) (2496 -3248 128 ) 
4 318 321 (2576 -3248 144 ) (2576 -3248 208 ) (2496 -3248 208 ) (2496 -3248 144 ) 
4 319 330 (2832 -3632 400 ) (2816 -3632 400 ) (2816 -3632 128 ) (2832 -3632 128 ) 
4 319 329 (2864 -3632 128 ) (2864 -3632 144 ) (2832 -3632 144 ) (2832 -3632 128 ) 
4 319 328 (2864 -3632 144 ) (2864 -3632 400 ) (2832 -3632 400 ) (2832 -3632 144 ) 
4 319 323 (2816 -3632 144 ) (2816 -3632 400 ) (2816 -3280 400 ) (2816 -3280 144 ) 
4 319 322 (2816 -3248 144 ) (2816 -3248 128 ) (2816 -3264 128 ) (2816 -3264 144 ) 
4 319 321 (2816 -3280 400 ) (2816 -3248 400 ) (2816 -3248 144 ) (2816 -3280 144 ) 
4 319 320 (2864 -3632 128 ) (2832 -3632 128 ) (2832 -3248 128 ) (2864 -3248 128 ) 
4 320 329 (2832 -3632 112 ) (2864 -3632 112 ) (2864 -3632 128 ) (2832 -3632 128 ) 
4 321 326 (2496 -3248 400 ) (2496 -3248 144 ) (2496 -3280 144 ) (2496 -3280 400 ) 
4 321 325 (2496 -3280 400 ) (2496 -3280 144 ) (2512 -3280 144 ) (2512 -3280 400 ) 
4 321 324 (2800 -3280 160 ) (2800 -3280 400 ) (2512 -3280 400 ) (2512 -3280 160 ) 
4 321 323 (2800 -3280 144 ) (2816 -3280 144 ) (2816 -3280 400 ) (2800 -3280 400 ) 
4 321 322 (2496 -3264 144 ) (2496 -3248 144 ) (2816 -3248 144 ) (2816 -3264 144 ) 
4 322 326 (2496 -3248 144 ) (2496 -3248 128 ) (2496 -3264 128 ) (2496 -3264 144 ) 
4 323 331 (2816 -3632 144 ) (2816 -3632 400 ) (2800 -3632 400 ) (2800 -3632 144 ) 
4 323 324 (2800 -3280 400 ) (2800 -3280 160 ) (2800 -3632 160 ) (2800 -3632 400 ) 
4 324 331 (2800 -3632 160 ) (2800 -3632 400 ) (2512 -3632 400 ) (2512 -3632 160 ) 
4 324 325 (2512 -3632 160 ) (2512 -3632 400 ) (2512 -3280 400 ) (2512 -3280 160 ) 
4 325 331 (2512 -3632 144 ) (2512 -3632 400 ) (2496 -3632 400 ) (2496 -3632 144 ) 
4 325 326 (2496 -3632 144 ) (2496 -3632 400 ) (2496 -3280 400 ) (2496 -3280 144 ) 
4 326 344 (2336 -3552 400 ) (2336 -3360 400 ) (2336 -3360 128 ) (2336 -3552 128 ) 
4 326 334 (2336 -3632 400 ) (2336 -3632 128 ) (2480 -3632 128 ) (2480 -3632 400 ) 
4 326 332 (2480 -3632 128 ) (2496 -3632 128 ) (2496 -3632 144 ) (2480 -3632 144 ) 
4 326 331 (2496 -3632 144 ) (2496 -3632 400 ) (2480 -3632 400 ) (2480 -3632 144 ) 
4 326 327 (2336 -3632 128 ) (2336 -3248 128 ) (2480 -3248 128 ) (2480 -3632 128 ) 
4 327 344 (2336 -3360 112 ) (2336 -3552 112 ) (2336 -3552 128 ) (2336 -3360 128 ) 
4 327 334 (2336 -3632 128 ) (2336 -3632 112 ) (2480 -3632 112 ) (2480 -3632 128 ) 
4 328 337 (2832 -3888 176 ) (2832 -3888 208 ) (2832 -3824 208 ) (2832 -3824 176 ) 
4 328 336 (2832 -3664 144 ) (2832 -3824 144 ) (2832 -3824 208 ) (2832 -3664 208 ) 
4 328 335 (2832 -3888 208 ) (2832 -3888 400 ) (2832 -3664 400 ) (2832 -3664 208 ) 
4 328 330 (2832 -3632 400 ) (2832 -3632 144 ) (2832 -3664 144 ) (2832 -3664 400 ) 
4 328 329 (2832 -3632 144 ) (2864 -3632 144 ) (2864 -3856 144 ) (2832 -3856 144 ) 
4 329 336 (2832 -3664 112 ) (2832 -3824 112 ) (2832 -3824 144 ) (2832 -3664 144 ) 
4 329 330 (2832 -3632 144 ) (2832 -3632 128 ) (2832 -3664 128 ) (2832 -3664 144 ) 
4 330 336 (2832 -3664 128 ) (2832 -3664 208 ) (2816 -3664 208 ) (2816 -3664 128 ) 
4 330 335 (2832 -3664 208 ) (2832 -3664 400 ) (2816 -3664 400 ) (2816 -3664 208 ) 
4 330 333 (2816 -3664 128 ) (2816 -3664 144 ) (2816 -3648 144 ) (2816 -3648 128 ) 
4 330 331 (2816 -3664 144 ) (2816 -3664 400 ) (2816 -3632 400 ) (2816 -3632 144 ) 
4 331 341 (2576 -3664 400 ) (2480 -3664 400 ) (2480 -3664 144 ) (2576 -3664 144 ) 
4 331 339 (2768 -3664 400 ) (2576 -3664 400 ) (2576 -3664 144 ) (2768 -3664 144 ) 
4 331 336 (2768 -3664 208 ) (2768 -3664 144 ) (2816 -3664 144 ) (2816 -3664 208 ) 
4 331 335 (2816 -3664 400 ) (2768 -3664 400 ) (2768 -3664 208 ) (2816 -3664 208 ) 
4 331 334 (2480 -3632 400 ) (2480 -3632 144 ) (2480 -3664 144 ) (2480 -3664 400 ) 
4 331 333 (2480 -3664 144 ) (2480 -3648 144 ) (2816 -3648 144 ) (2816 -3664 144 ) 
4 331 332 (2480 -3648 144 ) (2480 -3632 144 ) (2496 -3632 144 ) (2496 -3648 144 ) 
4 332 334 (2480 -3632 144 ) (2480 -3632 128 ) (2480 -3648 128 ) (2480 -3648 144 ) 
4 332 333 (2480 -3648 144 ) (2480 -3648 128 ) (2496 -3648 128 ) (2496 -3648 144 ) 
4 333 341 (2480 -3664 144 ) (2480 -3664 128 ) (2576 -3664 128 ) (2576 -3664 144 ) 
4 333 339 (2576 -3664 128 ) (2768 -3664 128 ) (2768 -3664 144 ) (2576 -3664 144 ) 
4 333 336 (2768 -3664 128 ) (2816 -3664 128 ) (2816 -3664 144 ) (2768 -3664 144 ) 
4 333 334 (2480 -3664 128 ) (2480 -3664 144 ) (2480 -3648 144 ) (2480 -3648 128 ) 
4 334 341 (2480 -3664 400 ) (2336 -3664 400 ) (2336 -3664 112 ) (2480 -3664 112 ) 
4 335 340 (2768 -3888 400 ) (2768 -3792 400 ) (2768 -3792 240 ) (2768 -3888 240 ) 
4 335 339 (2768 -3792 400 ) (2768 -3664 400 ) (2768 -3664 208 ) (2768 -3792 208 ) 
4 335 338 (2768 -3856 208 ) (2768 -3824 208 ) (2800 -3824 208 ) (2800 -3856 208 ) 
4 335 337 (2800 -3824 208 ) (2832 -3824 208 ) (2832 -3888 208 ) (2800 -3888 208 ) 
4 335 336 (2768 -3824 208 ) (2768 -3664 208 ) (2832 -3664 208 ) (2832 -3824 208 ) 
4 336 339 (2768 -3792 208 ) (2768 -3664 208 ) (2768 -3664 112 ) (2768 -3792 112 ) 
4 336 338 (2800 -3824 208 ) (2768 -3824 208 ) (2768 -3824 176 ) (2800 -3824 176 ) 
4 336 337 (2832 -3824 176 ) (2832 -3824 208 ) (2800 -3824 208 ) (2800 -3824 176 ) 
4 337 338 (2800 -3824 208 ) (2800 -3824 176 ) (2800 -3856 176 ) (2800 -3856 208 ) 
4 339 341 (2576 -3664 400 ) (2576 -3664 112 ) (2576 -3792 112 ) (2576 -3792 400 ) 
4 339 340 (2576 -3792 400 ) (2576 -3792 240 ) (2768 -3792 240 ) (2768 -3792 400 ) 
4 340 341 (2576 -3888 400 ) (2576 -3792 400 ) (2576 -3792 240 ) (2576 -3888 240 ) 
4 341 348 (2336 -3888 400 ) (2336 -3664 400 ) (2336 -3664 112 ) (2336 -3888 112 ) 
4 342 343 (2224 -3248 400 ) (2080 -3248 400 ) (2080 -3248 112 ) (2224 -3248 112 ) 
4 343 344 (2224 -3360 400 ) (2080 -3360 400 ) (2080 -3360 112 ) (2224 -3360 112 ) 
4 344 346 (2080 -3392 240 ) (2080 -3392 112 ) (2080 -3520 112 ) (2080 -3520 240 ) 
4 344 345 (2224 -3552 400 ) (2080 -3552 400 ) (2080 -3552 112 ) (2224 -3552 112 ) 
4 345 348 (2224 -3664 400 ) (2080 -3664 400 ) (2080 -3664 112 ) (2224 -3664 112 ) 
4 346 347 (2000 -3520 112 ) (2000 -3520 240 ) (2000 -3392 240 ) (2000 -3392 112 ) 
4 347 354 (1904 -3632 112 ) (1904 -3632 320 ) (1904 -3392 320 ) (1904 -3392 112 ) 
4 347 350 (1904 -3392 320 ) (1904 -3280 320 ) (1904 -3280 112 ) (1904 -3392 112 ) 
4 349 352 (1408 -2992 112 ) (1408 -3088 112 ) (1408 -3088 224 ) (1408 -2992 224 ) 
4 350 354 (1664 -3392 112 ) (1904 -3392 112 ) (1904 -3392 320 ) (1664 -3392 320 ) 
4 351 369 (1296 -2976 256 ) (1296 -2976 112 ) (1296 -2992 112 ) (1296 -2992 256 ) 
4 351 353 (1296 -2992 256 ) (1296 -2992 112 ) (1376 -2992 112 ) (1376 -2992 256 ) 
4 352 353 (1376 -2992 224 ) (1376 -2992 112 ) (1376 -3088 112 ) (1376 -3088 224 ) 
4 353 369 (1296 -2992 112 ) (1296 -3392 112 ) (1296 -3392 256 ) (1296 -2992 256 ) 
4 353 356 (1296 -3392 256 ) (1296 -3392 112 ) (1376 -3392 112 ) (1376 -3392 256 ) 
4 354 355 (1664 -3408 112 ) (1664 -3504 112 ) (1664 -3504 224 ) (1664 -3408 224 ) 
4 355 356 (1632 -3408 112 ) (1632 -3504 112 ) (1632 -3504 224 ) (1632 -3408 224 ) 
4 356 369 (1296 -3520 256 ) (1296 -3392 256 ) (1296 -3392 112 ) (1296 -3520 112 ) 
4 357 359 (1184 -1968 192 ) (1248 -1968 192 ) (1248 -1968 208 ) (1184 -1968 208 ) 
4 357 358 (1248 -1968 192 ) (1168 -1968 192 ) (1168 -1904 192 ) (1248 -1904 192 ) 
4 358 361 (1136 -1904 192 ) (1136 -1904 112 ) (1136 -1968 112 ) (1136 -1968 192 ) 
4 358 359 (1184 -1968 112 ) (1248 -1968 112 ) (1248 -1968 192 ) (1184 -1968 192 ) 
4 359 360 (1248 -2208 16 ) (1248 -2208 112 ) (1184 -2208 112 ) (1184 -2208 16 ) 
4 361 365 (1008 -2320 112 ) (1008 -2320 336 ) (1008 -1904 336 ) (1008 -1904 112 ) 
4 361 362 (1136 -2000 112 ) (1136 -2320 112 ) (1008 -2320 112 ) (1008 -2000 112 ) 
4 362 366 (1008 -2320 -160 ) (1008 -2320 64 ) (1008 -2000 64 ) (1008 -2000 -160 ) 
4 362 365 (1008 -2320 64 ) (1008 -2320 112 ) (1008 -2000 112 ) (1008 -2000 64 ) 
4 362 363 (1008 -2320 -160 ) (1008 -2000 -160 ) (1136 -2000 -160 ) (1136 -2320 -160 ) 
4 363 367 (1008 -2320 -176 ) (1008 -2320 -160 ) (1008 -2000 -160 ) (1008 -2000 -176 ) 
4 364 368 (1296 -2736 112 ) (1296 -2736 224 ) (1264 -2736 224 ) (1264 -2736 112 ) 
4 365 371 (-368 -2000 64 ) (-368 -2320 64 ) (-368 -2320 112 ) (-368 -2000 112 ) 
4 365 370 (-368 -1904 336 ) (-368 -1904 112 ) (-368 -2320 112 ) (-368 -2320 336 ) 
4 365 366 (1008 -1968 64 ) (1008 -2320 64 ) (-368 -2320 64 ) (-368 -1968 64 ) 
4 366 371 (-368 -2320 -160 ) (-368 -2320 64 ) (-368 -2000 64 ) (-368 -2000 -160 ) 
4 366 367 (1008 -2320 -160 ) (-368 -2320 -160 ) (-368 -1968 -160 ) (1008 -1968 -160 ) 
4 367 373 (-368 -2320 -176 ) (-368 -2320 -160 ) (-368 -2000 -160 ) (-368 -2000 -176 ) 
4 368 369 (1264 -2768 112 ) (1296 -2768 112 ) (1296 -2768 224 ) (1264 -2768 224 ) 
4 370 372 (-496 -2320 336 ) (-496 -1904 336 ) (-496 -1904 112 ) (-496 -2320 112 ) 
4 370 371 (-368 -2320 112 ) (-496 -2320 112 ) (-496 -2000 112 ) (-368 -2000 112 ) 
4 371 373 (-368 -2000 -160 ) (-368 -2320 -160 ) (-496 -2320 -160 ) (-496 -2000 -160 ) 
4 371 372 (-496 -2000 -160 ) (-496 -2320 -160 ) (-496 -2320 112 ) (-496 -2000 112 ) 
4 372 374 (-752 -1904 -160 ) (-496 -1904 -160 ) (-496 -2320 -160 ) (-752 -2320 -160 ) 
4 373 374 (-496 -2320 -176 ) (-496 -2320 -160 ) (-496 -2000 -160 ) (-496 -2000 -176 ) 
